# JRE version: OpenJDK Runtime Environment (16.0.2+7) (build 16.0.2+7-67)
# Java VM: OpenJDK 64-Bit Server VM (16.0.2+7-67, mixed mode, tiered, compressed oops, compressed class ptrs, g1 gc, windows-amd64)
GC Precious Log:
 CPUs: 12 total, 12 available
 Memory: 16233M
 Large Page Support: Disabled
 NUMA Support: Disabled
 Compressed Oops: Enabled (Zero based)
 Heap Region Size: 2M
 Heap Min Capacity: 8M
 Heap Initial Capacity: 254M
 Heap Max Capacity: 4060M
 Pre-touch: Disabled
 Parallel Workers: 10
 Concurrent Workers: 3
 Concurrent Refinement Workers: 10
 Periodic GC: Disabled
Heap:
 garbage-first heap   total 75776K, used 23889K [0x0000000702400000, 0x0000000800000000)
  region size 2048K, 4 young (8192K), 3 survivors (6144K)
 Metaspace       used 57777K, committed 58176K, reserved 1105920K
  class space    used 7689K, committed 7872K, reserved 1048576K
GC Heap History (20 events):
Event: 1.088 GC heap before
{Heap before GC invocations=2 (full 0):
 garbage-first heap   total 260096K, used 52629K [0x0000000702400000, 0x0000000800000000)
  region size 2048K, 25 young (51200K), 1 survivors (2048K)
 Metaspace       used 20949K, committed 21248K, reserved 1073152K
  class space    used 2416K, committed 2560K, reserved 1048576K
}
Event: 1.093 GC heap after
{Heap after GC invocations=3 (full 0):
 garbage-first heap   total 260096K, used 9147K [0x0000000702400000, 0x0000000800000000)
  region size 2048K, 2 young (4096K), 2 survivors (4096K)
 Metaspace       used 20949K, committed 21248K, reserved 1073152K
  class space    used 2416K, committed 2560K, reserved 1048576K
}
Event: 1.370 GC heap before
{Heap before GC invocations=4 (full 0):
 garbage-first heap   total 49152K, used 46011K [0x0000000702400000, 0x0000000800000000)
  region size 2048K, 20 young (40960K), 2 survivors (4096K)
 Metaspace       used 26641K, committed 26880K, reserved 1073152K
  class space    used 3136K, committed 3264K, reserved 1048576K
}
Event: 1.376 GC heap after
{Heap after GC invocations=5 (full 0):
 garbage-first heap   total 53248K, used 10887K [0x0000000702400000, 0x0000000800000000)
  region size 2048K, 2 young (4096K), 2 survivors (4096K)
 Metaspace       used 26641K, committed 26880K, reserved 1073152K
  class space    used 3136K, committed 3264K, reserved 1048576K
}
Event: 1.379 GC heap before
{Heap before GC invocations=5 (full 0):
 garbage-first heap   total 53248K, used 31367K [0x0000000702400000, 0x0000000800000000)
  region size 2048K, 13 young (26624K), 2 survivors (4096K)
 Metaspace       used 26641K, committed 26880K, reserved 1073152K
  class space    used 3136K, committed 3264K, reserved 1048576K
}
Event: 1.381 GC heap after
{Heap after GC invocations=6 (full 0):
 garbage-first heap   total 53248K, used 11161K [0x0000000702400000, 0x0000000800000000)
  region size 2048K, 2 young (4096K), 2 survivors (4096K)
 Metaspace       used 26641K, committed 26880K, reserved 1073152K
  class space    used 3136K, committed 3264K, reserved 1048576K
}
Event: 1.526 GC heap before
{Heap before GC invocations=6 (full 0):
 garbage-first heap   total 53248K, used 31641K [0x0000000702400000, 0x0000000800000000)
  region size 2048K, 13 young (26624K), 2 survivors (4096K)
 Metaspace       used 27737K, committed 28032K, reserved 1081344K
  class space    used 3278K, committed 3392K, reserved 1048576K
}
Event: 1.529 GC heap after
{Heap after GC invocations=7 (full 0):
 garbage-first heap   total 157696K, used 11880K [0x0000000702400000, 0x0000000800000000)
  region size 2048K, 2 young (4096K), 2 survivors (4096K)
 Metaspace       used 27737K, committed 28032K, reserved 1081344K
  class space    used 3278K, committed 3392K, reserved 1048576K
}
Event: 2.296 GC heap before
{Heap before GC invocations=7 (full 0):
 garbage-first heap   total 157696K, used 99944K [0x0000000702400000, 0x0000000800000000)
  region size 2048K, 46 young (94208K), 2 survivors (4096K)
 Metaspace       used 35089K, committed 35520K, reserved 1081344K
  class space    used 4375K, committed 4608K, reserved 1048576K
}
Event: 2.300 GC heap after
{Heap after GC invocations=8 (full 0):
 garbage-first heap   total 157696K, used 15910K [0x0000000702400000, 0x0000000800000000)
  region size 2048K, 4 young (8192K), 4 survivors (8192K)
 Metaspace       used 35089K, committed 35520K, reserved 1081344K
  class space    used 4375K, committed 4608K, reserved 1048576K
}
Event: 2.336 GC heap before
{Heap before GC invocations=8 (full 0):
 garbage-first heap   total 157696K, used 24102K [0x0000000702400000, 0x0000000800000000)
  region size 2048K, 10 young (20480K), 4 survivors (8192K)
 Metaspace       used 35441K, committed 35840K, reserved 1081344K
  class space    used 4407K, committed 4608K, reserved 1048576K
}
Event: 2.340 GC heap after
{Heap after GC invocations=9 (full 0):
 garbage-first heap   total 157696K, used 16227K [0x0000000702400000, 0x0000000800000000)
  region size 2048K, 3 young (6144K), 3 survivors (6144K)
 Metaspace       used 35441K, committed 35840K, reserved 1081344K
  class space    used 4407K, committed 4608K, reserved 1048576K
}
Event: 2.546 GC heap before
{Heap before GC invocations=10 (full 0):
 garbage-first heap   total 69632K, used 65379K [0x0000000702400000, 0x0000000800000000)
  region size 2048K, 28 young (57344K), 3 survivors (6144K)
 Metaspace       used 36818K, committed 37248K, reserved 1081344K
  class space    used 4592K, committed 4800K, reserved 1048576K
}
Event: 2.550 GC heap after
{Heap after GC invocations=11 (full 0):
 garbage-first heap   total 75776K, used 16450K [0x0000000702400000, 0x0000000800000000)
  region size 2048K, 3 young (6144K), 3 survivors (6144K)
 Metaspace       used 36818K, committed 37248K, reserved 1081344K
  class space    used 4592K, committed 4800K, reserved 1048576K
}
Event: 3.195 GC heap before
{Heap before GC invocations=11 (full 0):
 garbage-first heap   total 75776K, used 55362K [0x0000000702400000, 0x0000000800000000)
  region size 2048K, 22 young (45056K), 3 survivors (6144K)
 Metaspace       used 45565K, committed 45952K, reserved 1089536K
  class space    used 5889K, committed 6080K, reserved 1048576K
}
Event: 3.200 GC heap after
{Heap after GC invocations=12 (full 0):
 garbage-first heap   total 75776K, used 19296K [0x0000000702400000, 0x0000000800000000)
  region size 2048K, 2 young (4096K), 2 survivors (4096K)
 Metaspace       used 45565K, committed 45952K, reserved 1089536K
  class space    used 5889K, committed 6080K, reserved 1048576K
}
Event: 3.721 GC heap before
{Heap before GC invocations=12 (full 0):
 garbage-first heap   total 75776K, used 54112K [0x0000000702400000, 0x0000000800000000)
  region size 2048K, 20 young (40960K), 2 survivors (4096K)
 Metaspace       used 52808K, committed 53184K, reserved 1097728K
  class space    used 6977K, committed 7168K, reserved 1048576K
}
Event: 3.725 GC heap after
{Heap after GC invocations=13 (full 0):
 garbage-first heap   total 75776K, used 21388K [0x0000000702400000, 0x0000000800000000)
  region size 2048K, 3 young (6144K), 3 survivors (6144K)
 Metaspace       used 52808K, committed 53184K, reserved 1097728K
  class space    used 6977K, committed 7168K, reserved 1048576K
}
Event: 4.598 GC heap before
{Heap before GC invocations=13 (full 0):
 garbage-first heap   total 75776K, used 58252K [0x0000000702400000, 0x0000000800000000)
  region size 2048K, 21 young (43008K), 3 survivors (6144K)
 Metaspace       used 57648K, committed 58048K, reserved 1105920K
  class space    used 7674K, committed 7872K, reserved 1048576K
}
Event: 4.603 GC heap after
{Heap after GC invocations=14 (full 0):
 garbage-first heap   total 75776K, used 23889K [0x0000000702400000, 0x0000000800000000)
  region size 2048K, 3 young (6144K), 3 survivors (6144K)
 Metaspace       used 57648K, committed 58048K, reserved 1105920K
  class space    used 7674K, committed 7872K, reserved 1048576K
}

