# JRE version: OpenJDK Runtime Environment Temurin-17.0.2+8 (17.0.2+8) (build 17.0.2+8)
# Java VM: OpenJDK 64-Bit Server VM Temurin-17.0.2+8 (17.0.2+8, mixed mode, emulated-client, tiered, compressed oops, compressed class ptrs, g1 gc, windows-amd64)
GC Precious Log:
 CPUs: 12 total, 12 available
 Memory: 16233M
 Large Page Support: Disabled
 NUMA Support: Disabled
 Compressed Oops: Enabled (Zero based)
 Heap Region Size: 2M
 Heap Min Capacity: 8M
 Heap Initial Capacity: 254M
 Heap Max Capacity: 4060M
 Pre-touch: Disabled
 Parallel Workers: 10
 Concurrent Workers: 3
 Concurrent Refinement Workers: 10
 Periodic GC: Disabled
Heap:
 garbage-first heap   total 69632K, used 32919K [0x0000000702400000, 0x0000000800000000)
  region size 2048K, 5 young (10240K), 1 survivors (2048K)
 Metaspace       used 60185K, committed 60608K, reserved 1105920K
  class space    used 8193K, committed 8384K, reserved 1048576K
GC Heap History (20 events):
Event: 1.602 GC heap before
{Heap before GC invocations=7 (full 0):
 garbage-first heap   total 49152K, used 28802K [0x0000000702400000, 0x0000000800000000)
  region size 2048K, 10 young (20480K), 1 survivors (2048K)
 Metaspace       used 29274K, committed 29568K, reserved 1081344K
  class space    used 3531K, committed 3648K, reserved 1048576K
}
Event: 1.604 GC heap after
{Heap after GC invocations=8 (full 0):
 garbage-first heap   total 49152K, used 13314K [0x0000000702400000, 0x0000000800000000)
  region size 2048K, 2 young (4096K), 2 survivors (4096K)
 Metaspace       used 29274K, committed 29568K, reserved 1081344K
  class space    used 3531K, committed 3648K, reserved 1048576K
}
Event: 1.826 GC heap before
{Heap before GC invocations=8 (full 0):
 garbage-first heap   total 49152K, used 31746K [0x0000000702400000, 0x0000000800000000)
  region size 2048K, 11 young (22528K), 2 survivors (4096K)
 Metaspace       used 31631K, committed 32000K, reserved 1081344K
  class space    used 3969K, committed 4160K, reserved 1048576K
}
Event: 1.828 GC heap after
{Heap after GC invocations=9 (full 0):
 garbage-first heap   total 49152K, used 14344K [0x0000000702400000, 0x0000000800000000)
  region size 2048K, 2 young (4096K), 2 survivors (4096K)
 Metaspace       used 31631K, committed 32000K, reserved 1081344K
  class space    used 3969K, committed 4160K, reserved 1048576K
}
Event: 2.042 GC heap before
{Heap before GC invocations=9 (full 0):
 garbage-first heap   total 49152K, used 32776K [0x0000000702400000, 0x0000000800000000)
  region size 2048K, 11 young (22528K), 2 survivors (4096K)
 Metaspace       used 34015K, committed 34368K, reserved 1081344K
  class space    used 4354K, committed 4544K, reserved 1048576K
}
Event: 2.045 GC heap after
{Heap after GC invocations=10 (full 0):
 garbage-first heap   total 155648K, used 15862K [0x0000000702400000, 0x0000000800000000)
  region size 2048K, 2 young (4096K), 2 survivors (4096K)
 Metaspace       used 34015K, committed 34368K, reserved 1081344K
  class space    used 4354K, committed 4544K, reserved 1048576K
}
Event: 2.166 GC heap before
{Heap before GC invocations=10 (full 0):
 garbage-first heap   total 155648K, used 26102K [0x0000000702400000, 0x0000000800000000)
  region size 2048K, 8 young (16384K), 2 survivors (4096K)
 Metaspace       used 35666K, committed 35968K, reserved 1081344K
  class space    used 4611K, committed 4736K, reserved 1048576K
}
Event: 2.169 GC heap after
{Heap after GC invocations=11 (full 0):
 garbage-first heap   total 155648K, used 17015K [0x0000000702400000, 0x0000000800000000)
  region size 2048K, 2 young (4096K), 2 survivors (4096K)
 Metaspace       used 35666K, committed 35968K, reserved 1081344K
  class space    used 4611K, committed 4736K, reserved 1048576K
}
Event: 2.599 GC heap before
{Heap before GC invocations=12 (full 0):
 garbage-first heap   total 69632K, used 53879K [0x0000000702400000, 0x0000000800000000)
  region size 2048K, 20 young (40960K), 2 survivors (4096K)
 Metaspace       used 41464K, committed 41856K, reserved 1089536K
  class space    used 5300K, committed 5504K, reserved 1048576K
}
Event: 2.602 GC heap after
{Heap after GC invocations=13 (full 0):
 garbage-first heap   total 69632K, used 19602K [0x0000000702400000, 0x0000000800000000)
  region size 2048K, 3 young (6144K), 3 survivors (6144K)
 Metaspace       used 41464K, committed 41856K, reserved 1089536K
  class space    used 5300K, committed 5504K, reserved 1048576K
}
Event: 2.629 GC heap before
{Heap before GC invocations=13 (full 0):
 garbage-first heap   total 69632K, used 19602K [0x0000000702400000, 0x0000000800000000)
  region size 2048K, 4 young (8192K), 3 survivors (6144K)
 Metaspace       used 41777K, committed 42112K, reserved 1089536K
  class space    used 5342K, committed 5504K, reserved 1048576K
}
Event: 2.632 GC heap after
{Heap after GC invocations=14 (full 0):
 garbage-first heap   total 69632K, used 20240K [0x0000000702400000, 0x0000000800000000)
  region size 2048K, 1 young (2048K), 1 survivors (2048K)
 Metaspace       used 41777K, committed 42112K, reserved 1089536K
  class space    used 5342K, committed 5504K, reserved 1048576K
}
Event: 3.021 GC heap before
{Heap before GC invocations=14 (full 0):
 garbage-first heap   total 69632K, used 48912K [0x0000000702400000, 0x0000000800000000)
  region size 2048K, 15 young (30720K), 1 survivors (2048K)
 Metaspace       used 48514K, committed 48896K, reserved 1097728K
  class space    used 6438K, committed 6592K, reserved 1048576K
}
Event: 3.023 GC heap after
{Heap after GC invocations=15 (full 0):
 garbage-first heap   total 69632K, used 21452K [0x0000000702400000, 0x0000000800000000)
  region size 2048K, 2 young (4096K), 2 survivors (4096K)
 Metaspace       used 48514K, committed 48896K, reserved 1097728K
  class space    used 6438K, committed 6592K, reserved 1048576K
}
Event: 3.365 GC heap before
{Heap before GC invocations=15 (full 0):
 garbage-first heap   total 69632K, used 50124K [0x0000000702400000, 0x0000000800000000)
  region size 2048K, 16 young (32768K), 2 survivors (4096K)
 Metaspace       used 53459K, committed 53888K, reserved 1097728K
  class space    used 7204K, committed 7424K, reserved 1048576K
}
Event: 3.367 GC heap after
{Heap after GC invocations=16 (full 0):
 garbage-first heap   total 69632K, used 22926K [0x0000000702400000, 0x0000000800000000)
  region size 2048K, 1 young (2048K), 1 survivors (2048K)
 Metaspace       used 53459K, committed 53888K, reserved 1097728K
  class space    used 7204K, committed 7424K, reserved 1048576K
}
Event: 3.826 GC heap before
{Heap before GC invocations=16 (full 0):
 garbage-first heap   total 69632K, used 51598K [0x0000000702400000, 0x0000000800000000)
  region size 2048K, 15 young (30720K), 1 survivors (2048K)
 Metaspace       used 56522K, committed 56960K, reserved 1105920K
  class space    used 7659K, committed 7872K, reserved 1048576K
}
Event: 3.829 GC heap after
{Heap after GC invocations=17 (full 0):
 garbage-first heap   total 69632K, used 24872K [0x0000000702400000, 0x0000000800000000)
  region size 2048K, 2 young (4096K), 2 survivors (4096K)
 Metaspace       used 56522K, committed 56960K, reserved 1105920K
  class space    used 7659K, committed 7872K, reserved 1048576K
}
Event: 4.060 GC heap before
{Heap before GC invocations=17 (full 0):
 garbage-first heap   total 69632K, used 47400K [0x0000000702400000, 0x0000000800000000)
  region size 2048K, 14 young (28672K), 2 survivors (4096K)
 Metaspace       used 59859K, committed 60288K, reserved 1105920K
  class space    used 8146K, committed 8384K, reserved 1048576K
}
Event: 4.063 GC heap after
{Heap after GC invocations=18 (full 0):
 garbage-first heap   total 69632K, used 26775K [0x0000000702400000, 0x0000000800000000)
  region size 2048K, 1 young (2048K), 1 survivors (2048K)
 Metaspace       used 59859K, committed 60288K, reserved 1105920K
  class space    used 8146K, committed 8384K, reserved 1048576K
}

