# JRE version: OpenJDK Runtime Environment Temurin-17.0.2+8 (17.0.2+8) (build 17.0.2+8)
# Java VM: OpenJDK 64-Bit Server VM Temurin-17.0.2+8 (17.0.2+8, mixed mode, emulated-client, tiered, compressed oops, compressed class ptrs, g1 gc, windows-amd64)
GC Precious Log:
 CPUs: 12 total, 12 available
 Memory: 16233M
 Large Page Support: Disabled
 NUMA Support: Disabled
 Compressed Oops: Enabled (Zero based)
 Heap Region Size: 2M
 Heap Min Capacity: 8M
 Heap Initial Capacity: 254M
 Heap Max Capacity: 4060M
 Pre-touch: Disabled
 Parallel Workers: 10
 Concurrent Workers: 3
 Concurrent Refinement Workers: 10
 Periodic GC: Disabled
Heap:
 garbage-first heap   total 75776K, used 37159K [0x0000000702400000, 0x0000000800000000)
  region size 2048K, 8 young (16384K), 2 survivors (4096K)
 Metaspace       used 60288K, committed 60736K, reserved 1105920K
  class space    used 8217K, committed 8448K, reserved 1048576K
GC Heap History (20 events):
Event: 1.151 GC heap before
{Heap before GC invocations=4 (full 0):
 garbage-first heap   total 40960K, used 27778K [0x0000000702400000, 0x0000000800000000)
  region size 2048K, 11 young (22528K), 1 survivors (2048K)
 Metaspace       used 24678K, committed 25024K, reserved 1073152K
  class space    used 2909K, committed 3072K, reserved 1048576K
}
Event: 1.153 GC heap after
{Heap after GC invocations=5 (full 0):
 garbage-first heap   total 40960K, used 10623K [0x0000000702400000, 0x0000000800000000)
  region size 2048K, 2 young (4096K), 2 survivors (4096K)
 Metaspace       used 24678K, committed 25024K, reserved 1073152K
  class space    used 2909K, committed 3072K, reserved 1048576K
}
Event: 1.190 GC heap before
{Heap before GC invocations=5 (full 0):
 garbage-first heap   total 40960K, used 12671K [0x0000000702400000, 0x0000000800000000)
  region size 2048K, 3 young (6144K), 2 survivors (4096K)
 Metaspace       used 25152K, committed 25472K, reserved 1073152K
  class space    used 2986K, committed 3136K, reserved 1048576K
}
Event: 1.193 GC heap after
{Heap after GC invocations=6 (full 0):
 garbage-first heap   total 40960K, used 10839K [0x0000000702400000, 0x0000000800000000)
  region size 2048K, 1 young (2048K), 1 survivors (2048K)
 Metaspace       used 25152K, committed 25472K, reserved 1073152K
  class space    used 2986K, committed 3136K, reserved 1048576K
}
Event: 1.407 GC heap before
{Heap before GC invocations=6 (full 0):
 garbage-first heap   total 40960K, used 25175K [0x0000000702400000, 0x0000000800000000)
  region size 2048K, 8 young (16384K), 1 survivors (2048K)
 Metaspace       used 26988K, committed 27264K, reserved 1073152K
  class space    used 3197K, committed 3328K, reserved 1048576K
}
Event: 1.409 GC heap after
{Heap after GC invocations=7 (full 0):
 garbage-first heap   total 151552K, used 11644K [0x0000000702400000, 0x0000000800000000)
  region size 2048K, 1 young (2048K), 1 survivors (2048K)
 Metaspace       used 26988K, committed 27264K, reserved 1073152K
  class space    used 3197K, committed 3328K, reserved 1048576K
}
Event: 2.424 GC heap before
{Heap before GC invocations=7 (full 0):
 garbage-first heap   total 151552K, used 87420K [0x0000000702400000, 0x0000000800000000)
  region size 2048K, 39 young (79872K), 1 survivors (2048K)
 Metaspace       used 35667K, committed 35968K, reserved 1081344K
  class space    used 4611K, committed 4736K, reserved 1048576K
}
Event: 2.428 GC heap after
{Heap after GC invocations=8 (full 0):
 garbage-first heap   total 151552K, used 16624K [0x0000000702400000, 0x0000000800000000)
  region size 2048K, 4 young (8192K), 4 survivors (8192K)
 Metaspace       used 35667K, committed 35968K, reserved 1081344K
  class space    used 4611K, committed 4736K, reserved 1048576K
}
Event: 2.932 GC heap before
{Heap before GC invocations=9 (full 0):
 garbage-first heap   total 75776K, used 53488K [0x0000000702400000, 0x0000000800000000)
  region size 2048K, 22 young (45056K), 4 survivors (8192K)
 Metaspace       used 41504K, committed 41920K, reserved 1089536K
  class space    used 5304K, committed 5504K, reserved 1048576K
}
Event: 2.936 GC heap after
{Heap after GC invocations=10 (full 0):
 garbage-first heap   total 75776K, used 19282K [0x0000000702400000, 0x0000000800000000)
  region size 2048K, 2 young (4096K), 2 survivors (4096K)
 Metaspace       used 41504K, committed 41920K, reserved 1089536K
  class space    used 5304K, committed 5504K, reserved 1048576K
}
Event: 2.965 GC heap before
{Heap before GC invocations=10 (full 0):
 garbage-first heap   total 75776K, used 21330K [0x0000000702400000, 0x0000000800000000)
  region size 2048K, 3 young (6144K), 2 survivors (4096K)
 Metaspace       used 41791K, committed 42176K, reserved 1089536K
  class space    used 5356K, committed 5568K, reserved 1048576K
}
Event: 2.967 GC heap after
{Heap after GC invocations=11 (full 0):
 garbage-first heap   total 75776K, used 20032K [0x0000000702400000, 0x0000000800000000)
  region size 2048K, 1 young (2048K), 1 survivors (2048K)
 Metaspace       used 41791K, committed 42176K, reserved 1089536K
  class space    used 5356K, committed 5568K, reserved 1048576K
}
Event: 3.543 GC heap before
{Heap before GC invocations=11 (full 0):
 garbage-first heap   total 75776K, used 52800K [0x0000000702400000, 0x0000000800000000)
  region size 2048K, 17 young (34816K), 1 survivors (2048K)
 Metaspace       used 49287K, committed 49664K, reserved 1097728K
  class space    used 6531K, committed 6720K, reserved 1048576K
}
Event: 3.545 GC heap after
{Heap after GC invocations=12 (full 0):
 garbage-first heap   total 75776K, used 22076K [0x0000000702400000, 0x0000000800000000)
  region size 2048K, 2 young (4096K), 2 survivors (4096K)
 Metaspace       used 49287K, committed 49664K, reserved 1097728K
  class space    used 6531K, committed 6720K, reserved 1048576K
}
Event: 4.000 GC heap before
{Heap before GC invocations=12 (full 0):
 garbage-first heap   total 75776K, used 54844K [0x0000000702400000, 0x0000000800000000)
  region size 2048K, 18 young (36864K), 2 survivors (4096K)
 Metaspace       used 55205K, committed 55616K, reserved 1097728K
  class space    used 7475K, committed 7680K, reserved 1048576K
}
Event: 4.002 GC heap after
{Heap after GC invocations=13 (full 0):
 garbage-first heap   total 75776K, used 23460K [0x0000000702400000, 0x0000000800000000)
  region size 2048K, 2 young (4096K), 2 survivors (4096K)
 Metaspace       used 55205K, committed 55616K, reserved 1097728K
  class space    used 7475K, committed 7680K, reserved 1048576K
}
Event: 4.523 GC heap before
{Heap before GC invocations=13 (full 0):
 garbage-first heap   total 75776K, used 58276K [0x0000000702400000, 0x0000000800000000)
  region size 2048K, 19 young (38912K), 2 survivors (4096K)
 Metaspace       used 59023K, committed 59520K, reserved 1105920K
  class space    used 8024K, committed 8256K, reserved 1048576K
}
Event: 4.527 GC heap after
{Heap after GC invocations=14 (full 0):
 garbage-first heap   total 75776K, used 26381K [0x0000000702400000, 0x0000000800000000)
  region size 2048K, 3 young (6144K), 3 survivors (6144K)
 Metaspace       used 59023K, committed 59520K, reserved 1105920K
  class space    used 8024K, committed 8256K, reserved 1048576K
}
Event: 4.587 GC heap before
{Heap before GC invocations=14 (full 0):
 garbage-first heap   total 75776K, used 32525K [0x0000000702400000, 0x0000000800000000)
  region size 2048K, 7 young (14336K), 3 survivors (6144K)
 Metaspace       used 59785K, committed 60160K, reserved 1105920K
  class space    used 8126K, committed 8320K, reserved 1048576K
}
Event: 4.589 GC heap after
{Heap after GC invocations=15 (full 0):
 garbage-first heap   total 75776K, used 26919K [0x0000000702400000, 0x0000000800000000)
  region size 2048K, 2 young (4096K), 2 survivors (4096K)
 Metaspace       used 59785K, committed 60160K, reserved 1105920K
  class space    used 8126K, committed 8320K, reserved 1048576K
}

