# JRE version: OpenJDK Runtime Environment Temurin-17.0.2+8 (17.0.2+8) (build 17.0.2+8)
# Java VM: OpenJDK 64-Bit Server VM Temurin-17.0.2+8 (17.0.2+8, mixed mode, emulated-client, tiered, compressed oops, compressed class ptrs, g1 gc, windows-amd64)
GC Precious Log:
 CPUs: 12 total, 12 available
 Memory: 16233M
 Large Page Support: Disabled
 NUMA Support: Disabled
 Compressed Oops: Enabled (Zero based)
 Heap Region Size: 2M
 Heap Min Capacity: 8M
 Heap Initial Capacity: 254M
 Heap Max Capacity: 4060M
 Pre-touch: Disabled
 Parallel Workers: 10
 Concurrent Workers: 3
 Concurrent Refinement Workers: 10
 Periodic GC: Disabled
Heap:
 garbage-first heap   total 69632K, used 33218K [0x0000000702400000, 0x0000000800000000)
  region size 2048K, 6 young (12288K), 2 survivors (4096K)
 Metaspace       used 60231K, committed 60672K, reserved 1105920K
  class space    used 8200K, committed 8384K, reserved 1048576K
GC Heap History (20 events):
Event: 1.427 GC heap before
{Heap before GC invocations=6 (full 0):
 garbage-first heap   total 49152K, used 27755K [0x0000000702400000, 0x0000000800000000)
  region size 2048K, 10 young (20480K), 1 survivors (2048K)
 Metaspace       used 27599K, committed 27904K, reserved 1081344K
  class space    used 3283K, committed 3392K, reserved 1048576K
}
Event: 1.428 GC heap after
{Heap after GC invocations=7 (full 0):
 garbage-first heap   total 49152K, used 12512K [0x0000000702400000, 0x0000000800000000)
  region size 2048K, 1 young (2048K), 1 survivors (2048K)
 Metaspace       used 27599K, committed 27904K, reserved 1081344K
  class space    used 3283K, committed 3392K, reserved 1048576K
}
Event: 1.604 GC heap before
{Heap before GC invocations=7 (full 0):
 garbage-first heap   total 49152K, used 30944K [0x0000000702400000, 0x0000000800000000)
  region size 2048K, 10 young (20480K), 1 survivors (2048K)
 Metaspace       used 29107K, committed 29440K, reserved 1081344K
  class space    used 3507K, committed 3648K, reserved 1048576K
}
Event: 1.606 GC heap after
{Heap after GC invocations=8 (full 0):
 garbage-first heap   total 49152K, used 13465K [0x0000000702400000, 0x0000000800000000)
  region size 2048K, 2 young (4096K), 2 survivors (4096K)
 Metaspace       used 29107K, committed 29440K, reserved 1081344K
  class space    used 3507K, committed 3648K, reserved 1048576K
}
Event: 1.831 GC heap before
{Heap before GC invocations=8 (full 0):
 garbage-first heap   total 49152K, used 31897K [0x0000000702400000, 0x0000000800000000)
  region size 2048K, 11 young (22528K), 2 survivors (4096K)
 Metaspace       used 31569K, committed 31936K, reserved 1081344K
  class space    used 3957K, committed 4160K, reserved 1048576K
}
Event: 1.834 GC heap after
{Heap after GC invocations=9 (full 0):
 garbage-first heap   total 155648K, used 14478K [0x0000000702400000, 0x0000000800000000)
  region size 2048K, 2 young (4096K), 2 survivors (4096K)
 Metaspace       used 31569K, committed 31936K, reserved 1081344K
  class space    used 3957K, committed 4160K, reserved 1048576K
}
Event: 2.193 GC heap before
{Heap before GC invocations=9 (full 0):
 garbage-first heap   total 155648K, used 45198K [0x0000000702400000, 0x0000000800000000)
  region size 2048K, 18 young (36864K), 2 survivors (4096K)
 Metaspace       used 35666K, committed 35968K, reserved 1081344K
  class space    used 4611K, committed 4736K, reserved 1048576K
}
Event: 2.197 GC heap after
{Heap after GC invocations=10 (full 0):
 garbage-first heap   total 155648K, used 17133K [0x0000000702400000, 0x0000000800000000)
  region size 2048K, 3 young (6144K), 3 survivors (6144K)
 Metaspace       used 35666K, committed 35968K, reserved 1081344K
  class space    used 4611K, committed 4736K, reserved 1048576K
}
Event: 2.598 GC heap before
{Heap before GC invocations=11 (full 0):
 garbage-first heap   total 69632K, used 51949K [0x0000000702400000, 0x0000000800000000)
  region size 2048K, 20 young (40960K), 3 survivors (6144K)
 Metaspace       used 41132K, committed 41472K, reserved 1089536K
  class space    used 5233K, committed 5376K, reserved 1048576K
}
Event: 2.601 GC heap after
{Heap after GC invocations=12 (full 0):
 garbage-first heap   total 69632K, used 19683K [0x0000000702400000, 0x0000000800000000)
  region size 2048K, 3 young (6144K), 3 survivors (6144K)
 Metaspace       used 41132K, committed 41472K, reserved 1089536K
  class space    used 5233K, committed 5376K, reserved 1048576K
}
Event: 2.629 GC heap before
{Heap before GC invocations=12 (full 0):
 garbage-first heap   total 69632K, used 21731K [0x0000000702400000, 0x0000000800000000)
  region size 2048K, 4 young (8192K), 3 survivors (6144K)
 Metaspace       used 41442K, committed 41792K, reserved 1089536K
  class space    used 5300K, committed 5440K, reserved 1048576K
}
Event: 2.632 GC heap after
{Heap after GC invocations=13 (full 0):
 garbage-first heap   total 69632K, used 20090K [0x0000000702400000, 0x0000000800000000)
  region size 2048K, 1 young (2048K), 1 survivors (2048K)
 Metaspace       used 41442K, committed 41792K, reserved 1089536K
  class space    used 5300K, committed 5440K, reserved 1048576K
}
Event: 3.029 GC heap before
{Heap before GC invocations=13 (full 0):
 garbage-first heap   total 69632K, used 48762K [0x0000000702400000, 0x0000000800000000)
  region size 2048K, 15 young (30720K), 1 survivors (2048K)
 Metaspace       used 48186K, committed 48576K, reserved 1097728K
  class space    used 6390K, committed 6592K, reserved 1048576K
}
Event: 3.031 GC heap after
{Heap after GC invocations=14 (full 0):
 garbage-first heap   total 69632K, used 21298K [0x0000000702400000, 0x0000000800000000)
  region size 2048K, 2 young (4096K), 2 survivors (4096K)
 Metaspace       used 48186K, committed 48576K, reserved 1097728K
  class space    used 6390K, committed 6592K, reserved 1048576K
}
Event: 3.387 GC heap before
{Heap before GC invocations=14 (full 0):
 garbage-first heap   total 69632K, used 49970K [0x0000000702400000, 0x0000000800000000)
  region size 2048K, 16 young (32768K), 2 survivors (4096K)
 Metaspace       used 53478K, committed 53888K, reserved 1097728K
  class space    used 7208K, committed 7424K, reserved 1048576K
}
Event: 3.390 GC heap after
{Heap after GC invocations=15 (full 0):
 garbage-first heap   total 69632K, used 23090K [0x0000000702400000, 0x0000000800000000)
  region size 2048K, 2 young (4096K), 2 survivors (4096K)
 Metaspace       used 53478K, committed 53888K, reserved 1097728K
  class space    used 7208K, committed 7424K, reserved 1048576K
}
Event: 3.851 GC heap before
{Heap before GC invocations=15 (full 0):
 garbage-first heap   total 69632K, used 51762K [0x0000000702400000, 0x0000000800000000)
  region size 2048K, 16 young (32768K), 2 survivors (4096K)
 Metaspace       used 56339K, committed 56768K, reserved 1097728K
  class space    used 7637K, committed 7808K, reserved 1048576K
}
Event: 3.854 GC heap after
{Heap after GC invocations=16 (full 0):
 garbage-first heap   total 69632K, used 25317K [0x0000000702400000, 0x0000000800000000)
  region size 2048K, 2 young (4096K), 2 survivors (4096K)
 Metaspace       used 56339K, committed 56768K, reserved 1097728K
  class space    used 7637K, committed 7808K, reserved 1048576K
}
Event: 4.116 GC heap before
{Heap before GC invocations=16 (full 0):
 garbage-first heap   total 69632K, used 49893K [0x0000000702400000, 0x0000000800000000)
  region size 2048K, 15 young (30720K), 2 survivors (4096K)
 Metaspace       used 59907K, committed 60288K, reserved 1105920K
  class space    used 8154K, committed 8320K, reserved 1048576K
}
Event: 4.119 GC heap after
{Heap after GC invocations=17 (full 0):
 garbage-first heap   total 69632K, used 27074K [0x0000000702400000, 0x0000000800000000)
  region size 2048K, 2 young (4096K), 2 survivors (4096K)
 Metaspace       used 59907K, committed 60288K, reserved 1105920K
  class space    used 8154K, committed 8320K, reserved 1048576K
}

