# JRE version: OpenJDK Runtime Environment (16.0.2+7) (build 16.0.2+7-67)
# Java VM: OpenJDK 64-Bit Server VM (16.0.2+7-67, mixed mode, tiered, compressed oops, compressed class ptrs, g1 gc, windows-amd64)
GC Precious Log:
 CPUs: 12 total, 12 available
 Memory: 16233M
 Large Page Support: Disabled
 NUMA Support: Disabled
 Compressed Oops: Enabled (Zero based)
 Heap Region Size: 2M
 Heap Min Capacity: 8M
 Heap Initial Capacity: 254M
 Heap Max Capacity: 4060M
 Pre-touch: Disabled
 Parallel Workers: 10
 Concurrent Workers: 3
 Concurrent Refinement Workers: 10
 Periodic GC: Disabled
Heap:
 garbage-first heap   total 79872K, used 54436K [0x0000000702400000, 0x0000000800000000)
  region size 2048K, 20 young (40960K), 3 survivors (6144K)
 Metaspace       used 57781K, committed 58240K, reserved 1105920K
  class space    used 7690K, committed 7872K, reserved 1048576K
GC Heap History (20 events):
Event: 0.679 GC heap before
{Heap before GC invocations=0 (full 0):
 garbage-first heap   total 260096K, used 22528K [0x0000000702400000, 0x0000000800000000)
  region size 2048K, 11 young (22528K), 0 survivors (0K)
 Metaspace       used 14755K, committed 14976K, reserved 1064960K
  class space    used 1500K, committed 1600K, reserved 1048576K
}
Event: 0.690 GC heap after
{Heap after GC invocations=1 (full 0):
 garbage-first heap   total 260096K, used 7163K [0x0000000702400000, 0x0000000800000000)
  region size 2048K, 2 young (4096K), 2 survivors (4096K)
 Metaspace       used 14755K, committed 14976K, reserved 1064960K
  class space    used 1500K, committed 1600K, reserved 1048576K
}
Event: 0.756 GC heap before
{Heap before GC invocations=1 (full 0):
 garbage-first heap   total 260096K, used 29691K [0x0000000702400000, 0x0000000800000000)
  region size 2048K, 14 young (28672K), 2 survivors (4096K)
 Metaspace       used 15437K, committed 15616K, reserved 1064960K
  class space    used 1593K, committed 1664K, reserved 1048576K
}
Event: 0.760 GC heap after
{Heap after GC invocations=2 (full 0):
 garbage-first heap   total 260096K, used 7994K [0x0000000702400000, 0x0000000800000000)
  region size 2048K, 1 young (2048K), 1 survivors (2048K)
 Metaspace       used 15437K, committed 15616K, reserved 1064960K
  class space    used 1593K, committed 1664K, reserved 1048576K
}
Event: 1.123 GC heap before
{Heap before GC invocations=2 (full 0):
 garbage-first heap   total 260096K, used 53050K [0x0000000702400000, 0x0000000800000000)
  region size 2048K, 25 young (51200K), 1 survivors (2048K)
 Metaspace       used 20980K, committed 21312K, reserved 1073152K
  class space    used 2410K, committed 2560K, reserved 1048576K
}
Event: 1.126 GC heap after
{Heap after GC invocations=3 (full 0):
 garbage-first heap   total 260096K, used 9587K [0x0000000702400000, 0x0000000800000000)
  region size 2048K, 2 young (4096K), 2 survivors (4096K)
 Metaspace       used 20980K, committed 21312K, reserved 1073152K
  class space    used 2410K, committed 2560K, reserved 1048576K
}
Event: 1.410 GC heap before
{Heap before GC invocations=4 (full 0):
 garbage-first heap   total 55296K, used 50547K [0x0000000702400000, 0x0000000800000000)
  region size 2048K, 23 young (47104K), 2 survivors (4096K)
 Metaspace       used 26651K, committed 26944K, reserved 1073152K
  class space    used 3138K, committed 3264K, reserved 1048576K
}
Event: 1.413 GC heap after
{Heap after GC invocations=5 (full 0):
 garbage-first heap   total 59392K, used 11043K [0x0000000702400000, 0x0000000800000000)
  region size 2048K, 2 young (4096K), 2 survivors (4096K)
 Metaspace       used 26651K, committed 26944K, reserved 1073152K
  class space    used 3138K, committed 3264K, reserved 1048576K
}
Event: 1.450 GC heap before
{Heap before GC invocations=5 (full 0):
 garbage-first heap   total 59392K, used 37667K [0x0000000702400000, 0x0000000800000000)
  region size 2048K, 16 young (32768K), 2 survivors (4096K)
 Metaspace       used 27178K, committed 27520K, reserved 1081344K
  class space    used 3190K, committed 3328K, reserved 1048576K
}
Event: 1.453 GC heap after
{Heap after GC invocations=6 (full 0):
 garbage-first heap   total 59392K, used 11366K [0x0000000702400000, 0x0000000800000000)
  region size 2048K, 1 young (2048K), 1 survivors (2048K)
 Metaspace       used 27178K, committed 27520K, reserved 1081344K
  class space    used 3190K, committed 3328K, reserved 1048576K
}
Event: 1.770 GC heap before
{Heap before GC invocations=6 (full 0):
 garbage-first heap   total 59392K, used 42086K [0x0000000702400000, 0x0000000800000000)
  region size 2048K, 16 young (32768K), 1 survivors (2048K)
 Metaspace       used 29350K, committed 29696K, reserved 1081344K
  class space    used 3529K, committed 3648K, reserved 1048576K
}
Event: 1.772 GC heap after
{Heap after GC invocations=7 (full 0):
 garbage-first heap   total 159744K, used 12721K [0x0000000702400000, 0x0000000800000000)
  region size 2048K, 2 young (4096K), 2 survivors (4096K)
 Metaspace       used 29350K, committed 29696K, reserved 1081344K
  class space    used 3529K, committed 3648K, reserved 1048576K
}
Event: 2.353 GC heap before
{Heap before GC invocations=7 (full 0):
 garbage-first heap   total 159744K, used 92593K [0x0000000702400000, 0x0000000800000000)
  region size 2048K, 43 young (88064K), 2 survivors (4096K)
 Metaspace       used 35442K, committed 35840K, reserved 1081344K
  class space    used 4408K, committed 4608K, reserved 1048576K
}
Event: 2.358 GC heap after
{Heap after GC invocations=8 (full 0):
 garbage-first heap   total 159744K, used 16203K [0x0000000702400000, 0x0000000800000000)
  region size 2048K, 4 young (8192K), 4 survivors (8192K)
 Metaspace       used 35442K, committed 35840K, reserved 1081344K
  class space    used 4408K, committed 4608K, reserved 1048576K
}
Event: 2.556 GC heap before
{Heap before GC invocations=9 (full 0):
 garbage-first heap   total 69632K, used 65355K [0x0000000702400000, 0x0000000800000000)
  region size 2048K, 29 young (59392K), 4 survivors (8192K)
 Metaspace       used 36822K, committed 37248K, reserved 1081344K
  class space    used 4593K, committed 4800K, reserved 1048576K
}
Event: 2.561 GC heap after
{Heap after GC invocations=10 (full 0):
 garbage-first heap   total 79872K, used 16918K [0x0000000702400000, 0x0000000800000000)
  region size 2048K, 4 young (8192K), 4 survivors (8192K)
 Metaspace       used 36822K, committed 37248K, reserved 1081344K
  class space    used 4593K, committed 4800K, reserved 1048576K
}
Event: 3.220 GC heap before
{Heap before GC invocations=10 (full 0):
 garbage-first heap   total 79872K, used 55830K [0x0000000702400000, 0x0000000800000000)
  region size 2048K, 23 young (47104K), 4 survivors (8192K)
 Metaspace       used 45522K, committed 45888K, reserved 1089536K
  class space    used 5884K, committed 6016K, reserved 1048576K
}
Event: 3.224 GC heap after
{Heap after GC invocations=11 (full 0):
 garbage-first heap   total 79872K, used 19551K [0x0000000702400000, 0x0000000800000000)
  region size 2048K, 2 young (4096K), 2 survivors (4096K)
 Metaspace       used 45522K, committed 45888K, reserved 1089536K
  class space    used 5884K, committed 6016K, reserved 1048576K
}
Event: 3.779 GC heap before
{Heap before GC invocations=11 (full 0):
 garbage-first heap   total 79872K, used 60511K [0x0000000702400000, 0x0000000800000000)
  region size 2048K, 22 young (45056K), 2 survivors (4096K)
 Metaspace       used 53499K, committed 53888K, reserved 1097728K
  class space    used 7092K, committed 7296K, reserved 1048576K
}
Event: 3.782 GC heap after
{Heap after GC invocations=12 (full 0):
 garbage-first heap   total 79872K, used 21668K [0x0000000702400000, 0x0000000800000000)
  region size 2048K, 3 young (6144K), 3 survivors (6144K)
 Metaspace       used 53499K, committed 53888K, reserved 1097728K
  class space    used 7092K, committed 7296K, reserved 1048576K
}

