# JRE version: OpenJDK Runtime Environment (16.0.2+7) (build 16.0.2+7-67)
# Java VM: OpenJDK 64-Bit Server VM (16.0.2+7-67, mixed mode, tiered, compressed oops, compressed class ptrs, g1 gc, windows-amd64)
GC Precious Log:
 CPUs: 12 total, 12 available
 Memory: 16233M
 Large Page Support: Disabled
 NUMA Support: Disabled
 Compressed Oops: Enabled (Zero based)
 Heap Region Size: 2M
 Heap Min Capacity: 8M
 Heap Initial Capacity: 254M
 Heap Max Capacity: 4060M
 Pre-touch: Disabled
 Parallel Workers: 10
 Concurrent Workers: 3
 Concurrent Refinement Workers: 10
 Periodic GC: Disabled
Heap:
 garbage-first heap   total 69632K, used 23848K [0x0000000702400000, 0x0000000800000000)
  region size 2048K, 4 young (8192K), 3 survivors (6144K)
 Metaspace       used 57770K, committed 58176K, reserved 1105920K
  class space    used 7690K, committed 7872K, reserved 1048576K
GC Heap History (20 events):
Event: 0.725 GC heap before
{Heap before GC invocations=1 (full 0):
 garbage-first heap   total 260096K, used 29734K [0x0000000702400000, 0x0000000800000000)
  region size 2048K, 14 young (28672K), 2 survivors (4096K)
 Metaspace       used 15900K, committed 16128K, reserved 1064960K
  class space    used 1680K, committed 1792K, reserved 1048576K
}
Event: 0.728 GC heap after
{Heap after GC invocations=2 (full 0):
 garbage-first heap   total 260096K, used 7952K [0x0000000702400000, 0x0000000800000000)
  region size 2048K, 1 young (2048K), 1 survivors (2048K)
 Metaspace       used 15900K, committed 16128K, reserved 1064960K
  class space    used 1680K, committed 1792K, reserved 1048576K
}
Event: 1.038 GC heap before
{Heap before GC invocations=2 (full 0):
 garbage-first heap   total 260096K, used 50960K [0x0000000702400000, 0x0000000800000000)
  region size 2048K, 24 young (49152K), 1 survivors (2048K)
 Metaspace       used 20945K, committed 21248K, reserved 1073152K
  class space    used 2417K, committed 2560K, reserved 1048576K
}
Event: 1.041 GC heap after
{Heap after GC invocations=3 (full 0):
 garbage-first heap   total 260096K, used 9358K [0x0000000702400000, 0x0000000800000000)
  region size 2048K, 1 young (2048K), 1 survivors (2048K)
 Metaspace       used 20945K, committed 21248K, reserved 1073152K
  class space    used 2417K, committed 2560K, reserved 1048576K
}
Event: 1.299 GC heap before
{Heap before GC invocations=4 (full 0):
 garbage-first heap   total 49152K, used 46222K [0x0000000702400000, 0x0000000800000000)
  region size 2048K, 20 young (40960K), 1 survivors (2048K)
 Metaspace       used 26461K, committed 26752K, reserved 1073152K
  class space    used 3119K, committed 3264K, reserved 1048576K
}
Event: 1.301 GC heap after
{Heap after GC invocations=5 (full 0):
 garbage-first heap   total 53248K, used 10789K [0x0000000702400000, 0x0000000800000000)
  region size 2048K, 2 young (4096K), 2 survivors (4096K)
 Metaspace       used 26461K, committed 26752K, reserved 1073152K
  class space    used 3119K, committed 3264K, reserved 1048576K
}
Event: 1.303 GC heap before
{Heap before GC invocations=5 (full 0):
 garbage-first heap   total 53248K, used 31269K [0x0000000702400000, 0x0000000800000000)
  region size 2048K, 13 young (26624K), 2 survivors (4096K)
 Metaspace       used 26461K, committed 26752K, reserved 1073152K
  class space    used 3119K, committed 3264K, reserved 1048576K
}
Event: 1.306 GC heap after
{Heap after GC invocations=6 (full 0):
 garbage-first heap   total 157696K, used 10903K [0x0000000702400000, 0x0000000800000000)
  region size 2048K, 1 young (2048K), 1 survivors (2048K)
 Metaspace       used 26461K, committed 26752K, reserved 1073152K
  class space    used 3119K, committed 3264K, reserved 1048576K
}
Event: 2.148 GC heap before
{Heap before GC invocations=6 (full 0):
 garbage-first heap   total 157696K, used 101015K [0x0000000702400000, 0x0000000800000000)
  region size 2048K, 46 young (94208K), 1 survivors (2048K)
 Metaspace       used 34928K, committed 35328K, reserved 1081344K
  class space    used 4366K, committed 4544K, reserved 1048576K
}
Event: 2.152 GC heap after
{Heap after GC invocations=7 (full 0):
 garbage-first heap   total 157696K, used 15735K [0x0000000702400000, 0x0000000800000000)
  region size 2048K, 4 young (8192K), 4 survivors (8192K)
 Metaspace       used 34928K, committed 35328K, reserved 1081344K
  class space    used 4366K, committed 4544K, reserved 1048576K
}
Event: 2.225 GC heap before
{Heap before GC invocations=7 (full 0):
 garbage-first heap   total 157696K, used 85367K [0x0000000702400000, 0x0000000800000000)
  region size 2048K, 40 young (81920K), 4 survivors (8192K)
 Metaspace       used 35599K, committed 35968K, reserved 1081344K
  class space    used 4422K, committed 4608K, reserved 1048576K
}
Event: 2.229 GC heap after
{Heap after GC invocations=8 (full 0):
 garbage-first heap   total 157696K, used 16396K [0x0000000702400000, 0x0000000800000000)
  region size 2048K, 3 young (6144K), 3 survivors (6144K)
 Metaspace       used 35599K, committed 35968K, reserved 1081344K
  class space    used 4422K, committed 4608K, reserved 1048576K
}
Event: 2.750 GC heap before
{Heap before GC invocations=9 (full 0):
 garbage-first heap   total 69632K, used 51212K [0x0000000702400000, 0x0000000800000000)
  region size 2048K, 20 young (40960K), 3 survivors (6144K)
 Metaspace       used 42268K, committed 42624K, reserved 1089536K
  class space    used 5328K, committed 5504K, reserved 1048576K
}
Event: 2.753 GC heap after
{Heap after GC invocations=10 (full 0):
 garbage-first heap   total 69632K, used 18669K [0x0000000702400000, 0x0000000800000000)
  region size 2048K, 2 young (4096K), 2 survivors (4096K)
 Metaspace       used 42268K, committed 42624K, reserved 1089536K
  class space    used 5328K, committed 5504K, reserved 1048576K
}
Event: 3.190 GC heap before
{Heap before GC invocations=10 (full 0):
 garbage-first heap   total 69632K, used 47341K [0x0000000702400000, 0x0000000800000000)
  region size 2048K, 17 young (34816K), 2 survivors (4096K)
 Metaspace       used 49155K, committed 49600K, reserved 1097728K
  class space    used 6379K, committed 6592K, reserved 1048576K
}
Event: 3.193 GC heap after
{Heap after GC invocations=11 (full 0):
 garbage-first heap   total 69632K, used 20336K [0x0000000702400000, 0x0000000800000000)
  region size 2048K, 3 young (6144K), 3 survivors (6144K)
 Metaspace       used 49155K, committed 49600K, reserved 1097728K
  class space    used 6379K, committed 6592K, reserved 1048576K
}
Event: 3.984 GC heap before
{Heap before GC invocations=11 (full 0):
 garbage-first heap   total 69632K, used 49008K [0x0000000702400000, 0x0000000800000000)
  region size 2048K, 17 young (34816K), 3 survivors (6144K)
 Metaspace       used 53604K, committed 54016K, reserved 1097728K
  class space    used 7113K, committed 7360K, reserved 1048576K
}
Event: 3.988 GC heap after
{Heap after GC invocations=12 (full 0):
 garbage-first heap   total 69632K, used 21675K [0x0000000702400000, 0x0000000800000000)
  region size 2048K, 2 young (4096K), 2 survivors (4096K)
 Metaspace       used 53604K, committed 54016K, reserved 1097728K
  class space    used 7113K, committed 7360K, reserved 1048576K
}
Event: 4.349 GC heap before
{Heap before GC invocations=12 (full 0):
 garbage-first heap   total 69632K, used 52395K [0x0000000702400000, 0x0000000800000000)
  region size 2048K, 17 young (34816K), 2 survivors (4096K)
 Metaspace       used 57723K, committed 58112K, reserved 1105920K
  class space    used 7685K, committed 7872K, reserved 1048576K
}
Event: 4.352 GC heap after
{Heap after GC invocations=13 (full 0):
 garbage-first heap   total 69632K, used 23848K [0x0000000702400000, 0x0000000800000000)
  region size 2048K, 3 young (6144K), 3 survivors (6144K)
 Metaspace       used 57723K, committed 58112K, reserved 1105920K
  class space    used 7685K, committed 7872K, reserved 1048576K
}

