# JRE version: OpenJDK Runtime Environment (16.0.2+7) (build 16.0.2+7-67)
# Java VM: OpenJDK 64-Bit Server VM (16.0.2+7-67, mixed mode, tiered, compressed oops, compressed class ptrs, g1 gc, windows-amd64)
GC Precious Log:
 CPUs: 12 total, 12 available
 Memory: 16233M
 Large Page Support: Disabled
 NUMA Support: Disabled
 Compressed Oops: Enabled (Zero based)
 Heap Region Size: 2M
 Heap Min Capacity: 8M
 Heap Initial Capacity: 254M
 Heap Max Capacity: 4060M
 Pre-touch: Disabled
 Parallel Workers: 10
 Concurrent Workers: 3
 Concurrent Refinement Workers: 10
 Periodic GC: Disabled
Heap:
 garbage-first heap   total 75776K, used 33341K [0x0000000702400000, 0x0000000800000000)
  region size 2048K, 9 young (18432K), 3 survivors (6144K)
 Metaspace       used 57811K, committed 58176K, reserved 1105920K
  class space    used 7694K, committed 7872K, reserved 1048576K
GC Heap History (20 events):
Event: 1.154 GC heap before
{Heap before GC invocations=2 (full 0):
 garbage-first heap   total 260096K, used 52562K [0x0000000702400000, 0x0000000800000000)
  region size 2048K, 25 young (51200K), 1 survivors (2048K)
 Metaspace       used 20948K, committed 21248K, reserved 1073152K
  class space    used 2414K, committed 2560K, reserved 1048576K
}
Event: 1.158 GC heap after
{Heap after GC invocations=3 (full 0):
 garbage-first heap   total 260096K, used 9168K [0x0000000702400000, 0x0000000800000000)
  region size 2048K, 2 young (4096K), 2 survivors (4096K)
 Metaspace       used 20948K, committed 21248K, reserved 1073152K
  class space    used 2414K, committed 2560K, reserved 1048576K
}
Event: 1.472 GC heap before
{Heap before GC invocations=4 (full 0):
 garbage-first heap   total 49152K, used 43984K [0x0000000702400000, 0x0000000800000000)
  region size 2048K, 20 young (40960K), 2 survivors (4096K)
 Metaspace       used 26488K, committed 26752K, reserved 1073152K
  class space    used 3124K, committed 3264K, reserved 1048576K
}
Event: 1.475 GC heap after
{Heap after GC invocations=5 (full 0):
 garbage-first heap   total 53248K, used 10625K [0x0000000702400000, 0x0000000800000000)
  region size 2048K, 2 young (4096K), 2 survivors (4096K)
 Metaspace       used 26488K, committed 26752K, reserved 1073152K
  class space    used 3124K, committed 3264K, reserved 1048576K
}
Event: 1.478 GC heap before
{Heap before GC invocations=5 (full 0):
 garbage-first heap   total 53248K, used 31105K [0x0000000702400000, 0x0000000800000000)
  region size 2048K, 13 young (26624K), 2 survivors (4096K)
 Metaspace       used 26488K, committed 26752K, reserved 1073152K
  class space    used 3124K, committed 3264K, reserved 1048576K
}
Event: 1.481 GC heap after
{Heap after GC invocations=6 (full 0):
 garbage-first heap   total 53248K, used 10853K [0x0000000702400000, 0x0000000800000000)
  region size 2048K, 1 young (2048K), 1 survivors (2048K)
 Metaspace       used 26488K, committed 26752K, reserved 1073152K
  class space    used 3124K, committed 3264K, reserved 1048576K
}
Event: 1.666 GC heap before
{Heap before GC invocations=6 (full 0):
 garbage-first heap   total 53248K, used 33381K [0x0000000702400000, 0x0000000800000000)
  region size 2048K, 13 young (26624K), 1 survivors (2048K)
 Metaspace       used 27721K, committed 28032K, reserved 1081344K
  class space    used 3292K, committed 3456K, reserved 1048576K
}
Event: 1.668 GC heap after
{Heap after GC invocations=7 (full 0):
 garbage-first heap   total 53248K, used 11816K [0x0000000702400000, 0x0000000800000000)
  region size 2048K, 2 young (4096K), 2 survivors (4096K)
 Metaspace       used 27721K, committed 28032K, reserved 1081344K
  class space    used 3292K, committed 3456K, reserved 1048576K
}
Event: 1.965 GC heap before
{Heap before GC invocations=7 (full 0):
 garbage-first heap   total 53248K, used 36392K [0x0000000702400000, 0x0000000800000000)
  region size 2048K, 14 young (28672K), 2 survivors (4096K)
 Metaspace       used 30213K, committed 30528K, reserved 1081344K
  class space    used 3683K, committed 3840K, reserved 1048576K
}
Event: 1.972 GC heap after
{Heap after GC invocations=8 (full 0):
 garbage-first heap   total 157696K, used 12968K [0x0000000702400000, 0x0000000800000000)
  region size 2048K, 2 young (4096K), 2 survivors (4096K)
 Metaspace       used 30213K, committed 30528K, reserved 1081344K
  class space    used 3683K, committed 3840K, reserved 1048576K
}
Event: 2.465 GC heap before
{Heap before GC invocations=8 (full 0):
 garbage-first heap   total 157696K, used 101032K [0x0000000702400000, 0x0000000800000000)
  region size 2048K, 46 young (94208K), 2 survivors (4096K)
 Metaspace       used 35529K, committed 35968K, reserved 1081344K
  class space    used 4416K, committed 4608K, reserved 1048576K
}
Event: 2.470 GC heap after
{Heap after GC invocations=9 (full 0):
 garbage-first heap   total 157696K, used 16276K [0x0000000702400000, 0x0000000800000000)
  region size 2048K, 3 young (6144K), 3 survivors (6144K)
 Metaspace       used 35529K, committed 35968K, reserved 1081344K
  class space    used 4416K, committed 4608K, reserved 1048576K
}
Event: 2.494 GC heap before
{Heap before GC invocations=9 (full 0):
 garbage-first heap   total 157696K, used 38804K [0x0000000702400000, 0x0000000800000000)
  region size 2048K, 16 young (32768K), 3 survivors (6144K)
 Metaspace       used 35591K, committed 35968K, reserved 1081344K
  class space    used 4421K, committed 4608K, reserved 1048576K
}
Event: 2.498 GC heap after
{Heap after GC invocations=10 (full 0):
 garbage-first heap   total 157696K, used 16536K [0x0000000702400000, 0x0000000800000000)
  region size 2048K, 4 young (8192K), 4 survivors (8192K)
 Metaspace       used 35591K, committed 35968K, reserved 1081344K
  class space    used 4421K, committed 4608K, reserved 1048576K
}
Event: 3.109 GC heap before
{Heap before GC invocations=11 (full 0):
 garbage-first heap   total 75776K, used 53400K [0x0000000702400000, 0x0000000800000000)
  region size 2048K, 22 young (45056K), 4 survivors (8192K)
 Metaspace       used 42840K, committed 43200K, reserved 1089536K
  class space    used 5420K, committed 5568K, reserved 1048576K
}
Event: 3.114 GC heap after
{Heap after GC invocations=12 (full 0):
 garbage-first heap   total 75776K, used 18717K [0x0000000702400000, 0x0000000800000000)
  region size 2048K, 2 young (4096K), 2 survivors (4096K)
 Metaspace       used 42840K, committed 43200K, reserved 1089536K
  class space    used 5420K, committed 5568K, reserved 1048576K
}
Event: 3.742 GC heap before
{Heap before GC invocations=12 (full 0):
 garbage-first heap   total 75776K, used 57629K [0x0000000702400000, 0x0000000800000000)
  region size 2048K, 21 young (43008K), 2 survivors (4096K)
 Metaspace       used 51927K, committed 52416K, reserved 1097728K
  class space    used 6852K, committed 7104K, reserved 1048576K
}
Event: 3.746 GC heap after
{Heap after GC invocations=13 (full 0):
 garbage-first heap   total 75776K, used 20687K [0x0000000702400000, 0x0000000800000000)
  region size 2048K, 3 young (6144K), 3 survivors (6144K)
 Metaspace       used 51927K, committed 52416K, reserved 1097728K
  class space    used 6852K, committed 7104K, reserved 1048576K
}
Event: 4.624 GC heap before
{Heap before GC invocations=13 (full 0):
 garbage-first heap   total 75776K, used 57551K [0x0000000702400000, 0x0000000800000000)
  region size 2048K, 21 young (43008K), 3 survivors (6144K)
 Metaspace       used 56042K, committed 56512K, reserved 1097728K
  class space    used 7438K, committed 7680K, reserved 1048576K
}
Event: 4.628 GC heap after
{Heap after GC invocations=14 (full 0):
 garbage-first heap   total 75776K, used 23101K [0x0000000702400000, 0x0000000800000000)
  region size 2048K, 3 young (6144K), 3 survivors (6144K)
 Metaspace       used 56042K, committed 56512K, reserved 1097728K
  class space    used 7438K, committed 7680K, reserved 1048576K
}

