# JRE version: OpenJDK Runtime Environment (16.0.2+7) (build 16.0.2+7-67)
# Java VM: OpenJDK 64-Bit Server VM (16.0.2+7-67, mixed mode, tiered, compressed oops, compressed class ptrs, g1 gc, windows-amd64)
GC Precious Log:
 CPUs: 12 total, 12 available
 Memory: 16233M
 Large Page Support: Disabled
 NUMA Support: Disabled
 Compressed Oops: Enabled (Zero based)
 Heap Region Size: 2M
 Heap Min Capacity: 8M
 Heap Initial Capacity: 254M
 Heap Max Capacity: 4060M
 Pre-touch: Disabled
 Parallel Workers: 10
 Concurrent Workers: 3
 Concurrent Refinement Workers: 10
 Periodic GC: Disabled
Heap:
 garbage-first heap   total 77824K, used 24272K [0x0000000702400000, 0x0000000800000000)
  region size 2048K, 4 young (8192K), 3 survivors (6144K)
 Metaspace       used 57835K, committed 58240K, reserved 1105920K
  class space    used 7695K, committed 7872K, reserved 1048576K
GC Heap History (20 events):
Event: 1.131 GC heap before
{Heap before GC invocations=2 (full 0):
 garbage-first heap   total 260096K, used 52600K [0x0000000702400000, 0x0000000800000000)
  region size 2048K, 25 young (51200K), 1 survivors (2048K)
 Metaspace       used 20953K, committed 21248K, reserved 1073152K
  class space    used 2416K, committed 2560K, reserved 1048576K
}
Event: 1.136 GC heap after
{Heap after GC invocations=3 (full 0):
 garbage-first heap   total 260096K, used 9135K [0x0000000702400000, 0x0000000800000000)
  region size 2048K, 1 young (2048K), 1 survivors (2048K)
 Metaspace       used 20953K, committed 21248K, reserved 1073152K
  class space    used 2416K, committed 2560K, reserved 1048576K
}
Event: 1.390 GC heap before
{Heap before GC invocations=4 (full 0):
 garbage-first heap   total 49152K, used 45999K [0x0000000702400000, 0x0000000800000000)
  region size 2048K, 20 young (40960K), 1 survivors (2048K)
 Metaspace       used 26464K, committed 26752K, reserved 1073152K
  class space    used 3117K, committed 3264K, reserved 1048576K
}
Event: 1.393 GC heap after
{Heap after GC invocations=5 (full 0):
 garbage-first heap   total 53248K, used 10632K [0x0000000702400000, 0x0000000800000000)
  region size 2048K, 2 young (4096K), 2 survivors (4096K)
 Metaspace       used 26464K, committed 26752K, reserved 1073152K
  class space    used 3117K, committed 3264K, reserved 1048576K
}
Event: 1.395 GC heap before
{Heap before GC invocations=5 (full 0):
 garbage-first heap   total 53248K, used 31112K [0x0000000702400000, 0x0000000800000000)
  region size 2048K, 13 young (26624K), 2 survivors (4096K)
 Metaspace       used 26464K, committed 26752K, reserved 1073152K
  class space    used 3117K, committed 3264K, reserved 1048576K
}
Event: 1.398 GC heap after
{Heap after GC invocations=6 (full 0):
 garbage-first heap   total 53248K, used 10583K [0x0000000702400000, 0x0000000800000000)
  region size 2048K, 1 young (2048K), 1 survivors (2048K)
 Metaspace       used 26464K, committed 26752K, reserved 1073152K
  class space    used 3117K, committed 3264K, reserved 1048576K
}
Event: 1.596 GC heap before
{Heap before GC invocations=6 (full 0):
 garbage-first heap   total 53248K, used 33111K [0x0000000702400000, 0x0000000800000000)
  region size 2048K, 13 young (26624K), 1 survivors (2048K)
 Metaspace       used 27874K, committed 28224K, reserved 1081344K
  class space    used 3303K, committed 3456K, reserved 1048576K
}
Event: 1.598 GC heap after
{Heap after GC invocations=7 (full 0):
 garbage-first heap   total 157696K, used 11991K [0x0000000702400000, 0x0000000800000000)
  region size 2048K, 2 young (4096K), 2 survivors (4096K)
 Metaspace       used 27874K, committed 28224K, reserved 1081344K
  class space    used 3303K, committed 3456K, reserved 1048576K
}
Event: 2.363 GC heap before
{Heap before GC invocations=7 (full 0):
 garbage-first heap   total 157696K, used 100055K [0x0000000702400000, 0x0000000800000000)
  region size 2048K, 46 young (94208K), 2 survivors (4096K)
 Metaspace       used 35093K, committed 35520K, reserved 1081344K
  class space    used 4376K, committed 4608K, reserved 1048576K
}
Event: 2.369 GC heap after
{Heap after GC invocations=8 (full 0):
 garbage-first heap   total 157696K, used 15847K [0x0000000702400000, 0x0000000800000000)
  region size 2048K, 4 young (8192K), 4 survivors (8192K)
 Metaspace       used 35093K, committed 35520K, reserved 1081344K
  class space    used 4376K, committed 4608K, reserved 1048576K
}
Event: 2.407 GC heap before
{Heap before GC invocations=8 (full 0):
 garbage-first heap   total 157696K, used 21991K [0x0000000702400000, 0x0000000800000000)
  region size 2048K, 8 young (16384K), 4 survivors (8192K)
 Metaspace       used 35445K, committed 35840K, reserved 1081344K
  class space    used 4407K, committed 4608K, reserved 1048576K
}
Event: 2.411 GC heap after
{Heap after GC invocations=9 (full 0):
 garbage-first heap   total 157696K, used 16314K [0x0000000702400000, 0x0000000800000000)
  region size 2048K, 3 young (6144K), 3 survivors (6144K)
 Metaspace       used 35445K, committed 35840K, reserved 1081344K
  class space    used 4407K, committed 4608K, reserved 1048576K
}
Event: 2.632 GC heap before
{Heap before GC invocations=10 (full 0):
 garbage-first heap   total 69632K, used 65466K [0x0000000702400000, 0x0000000800000000)
  region size 2048K, 28 young (57344K), 3 survivors (6144K)
 Metaspace       used 36731K, committed 37120K, reserved 1081344K
  class space    used 4574K, committed 4736K, reserved 1048576K
}
Event: 2.638 GC heap after
{Heap after GC invocations=11 (full 0):
 garbage-first heap   total 77824K, used 16494K [0x0000000702400000, 0x0000000800000000)
  region size 2048K, 4 young (8192K), 4 survivors (8192K)
 Metaspace       used 36731K, committed 37120K, reserved 1081344K
  class space    used 4574K, committed 4736K, reserved 1048576K
}
Event: 3.261 GC heap before
{Heap before GC invocations=11 (full 0):
 garbage-first heap   total 77824K, used 53358K [0x0000000702400000, 0x0000000800000000)
  region size 2048K, 22 young (45056K), 4 survivors (8192K)
 Metaspace       used 45022K, committed 45376K, reserved 1089536K
  class space    used 5825K, committed 5952K, reserved 1048576K
}
Event: 3.266 GC heap after
{Heap after GC invocations=12 (full 0):
 garbage-first heap   total 77824K, used 19233K [0x0000000702400000, 0x0000000800000000)
  region size 2048K, 2 young (4096K), 2 survivors (4096K)
 Metaspace       used 45022K, committed 45376K, reserved 1089536K
  class space    used 5825K, committed 5952K, reserved 1048576K
}
Event: 3.815 GC heap before
{Heap before GC invocations=12 (full 0):
 garbage-first heap   total 77824K, used 58145K [0x0000000702400000, 0x0000000800000000)
  region size 2048K, 21 young (43008K), 2 survivors (4096K)
 Metaspace       used 52749K, committed 53120K, reserved 1097728K
  class space    used 6966K, committed 7168K, reserved 1048576K
}
Event: 3.819 GC heap after
{Heap after GC invocations=13 (full 0):
 garbage-first heap   total 77824K, used 21430K [0x0000000702400000, 0x0000000800000000)
  region size 2048K, 3 young (6144K), 3 survivors (6144K)
 Metaspace       used 52749K, committed 53120K, reserved 1097728K
  class space    used 6966K, committed 7168K, reserved 1048576K
}
Event: 4.712 GC heap before
{Heap before GC invocations=13 (full 0):
 garbage-first heap   total 77824K, used 58294K [0x0000000702400000, 0x0000000800000000)
  region size 2048K, 21 young (43008K), 3 survivors (6144K)
 Metaspace       used 57703K, committed 58112K, reserved 1105920K
  class space    used 7681K, committed 7872K, reserved 1048576K
}
Event: 4.716 GC heap after
{Heap after GC invocations=14 (full 0):
 garbage-first heap   total 77824K, used 24272K [0x0000000702400000, 0x0000000800000000)
  region size 2048K, 3 young (6144K), 3 survivors (6144K)
 Metaspace       used 57703K, committed 58112K, reserved 1105920K
  class space    used 7681K, committed 7872K, reserved 1048576K
}

