# JRE version: OpenJDK Runtime Environment (16.0.2+7) (build 16.0.2+7-67)
# Java VM: OpenJDK 64-Bit Server VM (16.0.2+7-67, mixed mode, tiered, compressed oops, compressed class ptrs, g1 gc, windows-amd64)
GC Precious Log:
 CPUs: 12 total, 12 available
 Memory: 16233M
 Large Page Support: Disabled
 NUMA Support: Disabled
 Compressed Oops: Enabled (Zero based)
 Heap Region Size: 2M
 Heap Min Capacity: 8M
 Heap Initial Capacity: 254M
 Heap Max Capacity: 4060M
 Pre-touch: Disabled
 Parallel Workers: 10
 Concurrent Workers: 3
 Concurrent Refinement Workers: 10
 Periodic GC: Disabled
Heap:
 garbage-first heap   total 69632K, used 46275K [0x0000000702400000, 0x0000000800000000)
  region size 2048K, 15 young (30720K), 2 survivors (4096K)
 Metaspace       used 57849K, committed 58240K, reserved 1105920K
  class space    used 7695K, committed 7872K, reserved 1048576K
GC Heap History (20 events):
Event: 0.800 GC heap before
{Heap before GC invocations=1 (full 0):
 garbage-first heap   total 260096K, used 29671K [0x0000000702400000, 0x0000000800000000)
  region size 2048K, 14 young (28672K), 2 survivors (4096K)
 Metaspace       used 15268K, committed 15424K, reserved 1064960K
  class space    used 1583K, committed 1664K, reserved 1048576K
}
Event: 0.803 GC heap after
{Heap after GC invocations=2 (full 0):
 garbage-first heap   total 260096K, used 7589K [0x0000000702400000, 0x0000000800000000)
  region size 2048K, 1 young (2048K), 1 survivors (2048K)
 Metaspace       used 15268K, committed 15424K, reserved 1064960K
  class space    used 1583K, committed 1664K, reserved 1048576K
}
Event: 1.163 GC heap before
{Heap before GC invocations=2 (full 0):
 garbage-first heap   total 260096K, used 52645K [0x0000000702400000, 0x0000000800000000)
  region size 2048K, 25 young (51200K), 1 survivors (2048K)
 Metaspace       used 21016K, committed 21248K, reserved 1073152K
  class space    used 2421K, committed 2560K, reserved 1048576K
}
Event: 1.168 GC heap after
{Heap after GC invocations=3 (full 0):
 garbage-first heap   total 260096K, used 9240K [0x0000000702400000, 0x0000000800000000)
  region size 2048K, 2 young (4096K), 2 survivors (4096K)
 Metaspace       used 21016K, committed 21248K, reserved 1073152K
  class space    used 2421K, committed 2560K, reserved 1048576K
}
Event: 1.461 GC heap before
{Heap before GC invocations=4 (full 0):
 garbage-first heap   total 49152K, used 44056K [0x0000000702400000, 0x0000000800000000)
  region size 2048K, 20 young (40960K), 2 survivors (4096K)
 Metaspace       used 26512K, committed 26816K, reserved 1073152K
  class space    used 3128K, committed 3264K, reserved 1048576K
}
Event: 1.465 GC heap after
{Heap after GC invocations=5 (full 0):
 garbage-first heap   total 53248K, used 10793K [0x0000000702400000, 0x0000000800000000)
  region size 2048K, 2 young (4096K), 2 survivors (4096K)
 Metaspace       used 26512K, committed 26816K, reserved 1073152K
  class space    used 3128K, committed 3264K, reserved 1048576K
}
Event: 1.469 GC heap before
{Heap before GC invocations=5 (full 0):
 garbage-first heap   total 53248K, used 31273K [0x0000000702400000, 0x0000000800000000)
  region size 2048K, 13 young (26624K), 2 survivors (4096K)
 Metaspace       used 26512K, committed 26816K, reserved 1073152K
  class space    used 3128K, committed 3264K, reserved 1048576K
}
Event: 1.472 GC heap after
{Heap after GC invocations=6 (full 0):
 garbage-first heap   total 53248K, used 10960K [0x0000000702400000, 0x0000000800000000)
  region size 2048K, 1 young (2048K), 1 survivors (2048K)
 Metaspace       used 26512K, committed 26816K, reserved 1073152K
  class space    used 3128K, committed 3264K, reserved 1048576K
}
Event: 1.676 GC heap before
{Heap before GC invocations=6 (full 0):
 garbage-first heap   total 53248K, used 33488K [0x0000000702400000, 0x0000000800000000)
  region size 2048K, 13 young (26624K), 1 survivors (2048K)
 Metaspace       used 27850K, committed 28160K, reserved 1081344K
  class space    used 3296K, committed 3392K, reserved 1048576K
}
Event: 1.679 GC heap after
{Heap after GC invocations=7 (full 0):
 garbage-first heap   total 157696K, used 12138K [0x0000000702400000, 0x0000000800000000)
  region size 2048K, 2 young (4096K), 2 survivors (4096K)
 Metaspace       used 27850K, committed 28160K, reserved 1081344K
  class space    used 3296K, committed 3392K, reserved 1048576K
}
Event: 2.424 GC heap before
{Heap before GC invocations=7 (full 0):
 garbage-first heap   total 157696K, used 100202K [0x0000000702400000, 0x0000000800000000)
  region size 2048K, 46 young (94208K), 2 survivors (4096K)
 Metaspace       used 35088K, committed 35520K, reserved 1081344K
  class space    used 4376K, committed 4608K, reserved 1048576K
}
Event: 2.430 GC heap after
{Heap after GC invocations=8 (full 0):
 garbage-first heap   total 157696K, used 15996K [0x0000000702400000, 0x0000000800000000)
  region size 2048K, 4 young (8192K), 4 survivors (8192K)
 Metaspace       used 35088K, committed 35520K, reserved 1081344K
  class space    used 4376K, committed 4608K, reserved 1048576K
}
Event: 2.518 GC heap before
{Heap before GC invocations=8 (full 0):
 garbage-first heap   total 157696K, used 63100K [0x0000000702400000, 0x0000000800000000)
  region size 2048K, 29 young (59392K), 4 survivors (8192K)
 Metaspace       used 35618K, committed 35968K, reserved 1081344K
  class space    used 4423K, committed 4608K, reserved 1048576K
}
Event: 2.523 GC heap after
{Heap after GC invocations=9 (full 0):
 garbage-first heap   total 157696K, used 16158K [0x0000000702400000, 0x0000000800000000)
  region size 2048K, 3 young (6144K), 3 survivors (6144K)
 Metaspace       used 35618K, committed 35968K, reserved 1081344K
  class space    used 4423K, committed 4608K, reserved 1048576K
}
Event: 3.105 GC heap before
{Heap before GC invocations=10 (full 0):
 garbage-first heap   total 69632K, used 50974K [0x0000000702400000, 0x0000000800000000)
  region size 2048K, 20 young (40960K), 3 survivors (6144K)
 Metaspace       used 42436K, committed 42752K, reserved 1089536K
  class space    used 5352K, committed 5504K, reserved 1048576K
}
Event: 3.109 GC heap after
{Heap after GC invocations=11 (full 0):
 garbage-first heap   total 69632K, used 18614K [0x0000000702400000, 0x0000000800000000)
  region size 2048K, 2 young (4096K), 2 survivors (4096K)
 Metaspace       used 42436K, committed 42752K, reserved 1089536K
  class space    used 5352K, committed 5504K, reserved 1048576K
}
Event: 3.635 GC heap before
{Heap before GC invocations=11 (full 0):
 garbage-first heap   total 69632K, used 49334K [0x0000000702400000, 0x0000000800000000)
  region size 2048K, 18 young (36864K), 2 survivors (4096K)
 Metaspace       used 50156K, committed 50624K, reserved 1097728K
  class space    used 6487K, committed 6720K, reserved 1048576K
}
Event: 3.640 GC heap after
{Heap after GC invocations=12 (full 0):
 garbage-first heap   total 69632K, used 20459K [0x0000000702400000, 0x0000000800000000)
  region size 2048K, 3 young (6144K), 3 survivors (6144K)
 Metaspace       used 50156K, committed 50624K, reserved 1097728K
  class space    used 6487K, committed 6720K, reserved 1048576K
}
Event: 4.497 GC heap before
{Heap before GC invocations=12 (full 0):
 garbage-first heap   total 69632K, used 51179K [0x0000000702400000, 0x0000000800000000)
  region size 2048K, 18 young (36864K), 3 survivors (6144K)
 Metaspace       used 54055K, committed 54464K, reserved 1097728K
  class space    used 7181K, committed 7424K, reserved 1048576K
}
Event: 4.501 GC heap after
{Heap after GC invocations=13 (full 0):
 garbage-first heap   total 69632K, used 21699K [0x0000000702400000, 0x0000000800000000)
  region size 2048K, 2 young (4096K), 2 survivors (4096K)
 Metaspace       used 54055K, committed 54464K, reserved 1097728K
  class space    used 7181K, committed 7424K, reserved 1048576K
}

