# JRE version: OpenJDK Runtime Environment (16.0.2+7) (build 16.0.2+7-67)
# Java VM: OpenJDK 64-Bit Server VM (16.0.2+7-67, mixed mode, tiered, compressed oops, compressed class ptrs, g1 gc, windows-amd64)
GC Precious Log:
 CPUs: 12 total, 12 available
 Memory: 16233M
 Large Page Support: Disabled
 NUMA Support: Disabled
 Compressed Oops: Enabled (Zero based)
 Heap Region Size: 2M
 Heap Min Capacity: 8M
 Heap Initial Capacity: 254M
 Heap Max Capacity: 4060M
 Pre-touch: Disabled
 Parallel Workers: 10
 Concurrent Workers: 3
 Concurrent Refinement Workers: 10
 Periodic GC: Disabled
Heap:
 garbage-first heap   total 75776K, used 24167K [0x0000000702400000, 0x0000000800000000)
  region size 2048K, 4 young (8192K), 3 survivors (6144K)
 Metaspace       used 57788K, committed 58240K, reserved 1105920K
  class space    used 7687K, committed 7872K, reserved 1048576K
GC Heap History (20 events):
Event: 1.091 GC heap before
{Heap before GC invocations=2 (full 0):
 garbage-first heap   total 260096K, used 52752K [0x0000000702400000, 0x0000000800000000)
  region size 2048K, 25 young (51200K), 1 survivors (2048K)
 Metaspace       used 20950K, committed 21248K, reserved 1073152K
  class space    used 2406K, committed 2560K, reserved 1048576K
}
Event: 1.095 GC heap after
{Heap after GC invocations=3 (full 0):
 garbage-first heap   total 260096K, used 9592K [0x0000000702400000, 0x0000000800000000)
  region size 2048K, 2 young (4096K), 2 survivors (4096K)
 Metaspace       used 20950K, committed 21248K, reserved 1073152K
  class space    used 2406K, committed 2560K, reserved 1048576K
}
Event: 1.358 GC heap before
{Heap before GC invocations=4 (full 0):
 garbage-first heap   total 49152K, used 44408K [0x0000000702400000, 0x0000000800000000)
  region size 2048K, 20 young (40960K), 2 survivors (4096K)
 Metaspace       used 26661K, committed 26944K, reserved 1073152K
  class space    used 3139K, committed 3264K, reserved 1048576K
}
Event: 1.361 GC heap after
{Heap after GC invocations=5 (full 0):
 garbage-first heap   total 53248K, used 11092K [0x0000000702400000, 0x0000000800000000)
  region size 2048K, 2 young (4096K), 2 survivors (4096K)
 Metaspace       used 26661K, committed 26944K, reserved 1073152K
  class space    used 3139K, committed 3264K, reserved 1048576K
}
Event: 1.364 GC heap before
{Heap before GC invocations=5 (full 0):
 garbage-first heap   total 53248K, used 31572K [0x0000000702400000, 0x0000000800000000)
  region size 2048K, 13 young (26624K), 2 survivors (4096K)
 Metaspace       used 26661K, committed 26944K, reserved 1073152K
  class space    used 3139K, committed 3264K, reserved 1048576K
}
Event: 1.366 GC heap after
{Heap after GC invocations=6 (full 0):
 garbage-first heap   total 53248K, used 11302K [0x0000000702400000, 0x0000000800000000)
  region size 2048K, 1 young (2048K), 1 survivors (2048K)
 Metaspace       used 26661K, committed 26944K, reserved 1073152K
  class space    used 3139K, committed 3264K, reserved 1048576K
}
Event: 1.504 GC heap before
{Heap before GC invocations=6 (full 0):
 garbage-first heap   total 53248K, used 31782K [0x0000000702400000, 0x0000000800000000)
  region size 2048K, 12 young (24576K), 1 survivors (2048K)
 Metaspace       used 27735K, committed 28032K, reserved 1081344K
  class space    used 3278K, committed 3392K, reserved 1048576K
}
Event: 1.506 GC heap after
{Heap after GC invocations=7 (full 0):
 garbage-first heap   total 157696K, used 12175K [0x0000000702400000, 0x0000000800000000)
  region size 2048K, 2 young (4096K), 2 survivors (4096K)
 Metaspace       used 27735K, committed 28032K, reserved 1081344K
  class space    used 3278K, committed 3392K, reserved 1048576K
}
Event: 2.183 GC heap before
{Heap before GC invocations=7 (full 0):
 garbage-first heap   total 157696K, used 100239K [0x0000000702400000, 0x0000000800000000)
  region size 2048K, 46 young (94208K), 2 survivors (4096K)
 Metaspace       used 35080K, committed 35520K, reserved 1081344K
  class space    used 4375K, committed 4608K, reserved 1048576K
}
Event: 2.188 GC heap after
{Heap after GC invocations=8 (full 0):
 garbage-first heap   total 157696K, used 16069K [0x0000000702400000, 0x0000000800000000)
  region size 2048K, 4 young (8192K), 4 survivors (8192K)
 Metaspace       used 35080K, committed 35520K, reserved 1081344K
  class space    used 4375K, committed 4608K, reserved 1048576K
}
Event: 2.221 GC heap before
{Heap before GC invocations=8 (full 0):
 garbage-first heap   total 157696K, used 24261K [0x0000000702400000, 0x0000000800000000)
  region size 2048K, 10 young (20480K), 4 survivors (8192K)
 Metaspace       used 35438K, committed 35776K, reserved 1081344K
  class space    used 4407K, committed 4608K, reserved 1048576K
}
Event: 2.224 GC heap after
{Heap after GC invocations=9 (full 0):
 garbage-first heap   total 157696K, used 16525K [0x0000000702400000, 0x0000000800000000)
  region size 2048K, 3 young (6144K), 3 survivors (6144K)
 Metaspace       used 35438K, committed 35776K, reserved 1081344K
  class space    used 4407K, committed 4608K, reserved 1048576K
}
Event: 2.416 GC heap before
{Heap before GC invocations=10 (full 0):
 garbage-first heap   total 69632K, used 65677K [0x0000000702400000, 0x0000000800000000)
  region size 2048K, 28 young (57344K), 3 survivors (6144K)
 Metaspace       used 36809K, committed 37248K, reserved 1081344K
  class space    used 4592K, committed 4800K, reserved 1048576K
}
Event: 2.420 GC heap after
{Heap after GC invocations=11 (full 0):
 garbage-first heap   total 75776K, used 16790K [0x0000000702400000, 0x0000000800000000)
  region size 2048K, 3 young (6144K), 3 survivors (6144K)
 Metaspace       used 36809K, committed 37248K, reserved 1081344K
  class space    used 4592K, committed 4800K, reserved 1048576K
}
Event: 3.016 GC heap before
{Heap before GC invocations=11 (full 0):
 garbage-first heap   total 75776K, used 55702K [0x0000000702400000, 0x0000000800000000)
  region size 2048K, 22 young (45056K), 3 survivors (6144K)
 Metaspace       used 45552K, committed 45888K, reserved 1089536K
  class space    used 5887K, committed 6016K, reserved 1048576K
}
Event: 3.021 GC heap after
{Heap after GC invocations=12 (full 0):
 garbage-first heap   total 75776K, used 19699K [0x0000000702400000, 0x0000000800000000)
  region size 2048K, 2 young (4096K), 2 survivors (4096K)
 Metaspace       used 45552K, committed 45888K, reserved 1089536K
  class space    used 5887K, committed 6016K, reserved 1048576K
}
Event: 3.521 GC heap before
{Heap before GC invocations=12 (full 0):
 garbage-first heap   total 75776K, used 56563K [0x0000000702400000, 0x0000000800000000)
  region size 2048K, 20 young (40960K), 2 survivors (4096K)
 Metaspace       used 52808K, committed 53248K, reserved 1097728K
  class space    used 6976K, committed 7168K, reserved 1048576K
}
Event: 3.525 GC heap after
{Heap after GC invocations=13 (full 0):
 garbage-first heap   total 75776K, used 21449K [0x0000000702400000, 0x0000000800000000)
  region size 2048K, 3 young (6144K), 3 survivors (6144K)
 Metaspace       used 52808K, committed 53248K, reserved 1097728K
  class space    used 6976K, committed 7168K, reserved 1048576K
}
Event: 4.341 GC heap before
{Heap before GC invocations=13 (full 0):
 garbage-first heap   total 75776K, used 58313K [0x0000000702400000, 0x0000000800000000)
  region size 2048K, 21 young (43008K), 3 survivors (6144K)
 Metaspace       used 57657K, committed 58112K, reserved 1105920K
  class space    used 7673K, committed 7872K, reserved 1048576K
}
Event: 4.345 GC heap after
{Heap after GC invocations=14 (full 0):
 garbage-first heap   total 75776K, used 24167K [0x0000000702400000, 0x0000000800000000)
  region size 2048K, 3 young (6144K), 3 survivors (6144K)
 Metaspace       used 57657K, committed 58112K, reserved 1105920K
  class space    used 7673K, committed 7872K, reserved 1048576K
}

