# JRE version: OpenJDK Runtime Environment (16.0.2+7) (build 16.0.2+7-67)
# Java VM: OpenJDK 64-Bit Server VM (16.0.2+7-67, mixed mode, tiered, compressed oops, compressed class ptrs, g1 gc, windows-amd64)
GC Precious Log:
 CPUs: 12 total, 12 available
 Memory: 16233M
 Large Page Support: Disabled
 NUMA Support: Disabled
 Compressed Oops: Enabled (Zero based)
 Heap Region Size: 2M
 Heap Min Capacity: 8M
 Heap Initial Capacity: 254M
 Heap Max Capacity: 4060M
 Pre-touch: Disabled
 Parallel Workers: 10
 Concurrent Workers: 3
 Concurrent Refinement Workers: 10
 Periodic GC: Disabled
Heap:
 garbage-first heap   total 90112K, used 32763K [0x0000000702400000, 0x0000000800000000)
  region size 2048K, 3 young (6144K), 3 survivors (6144K)
 Metaspace       used 76995K, committed 77824K, reserved 1122304K
  class space    used 10082K, committed 10496K, reserved 1048576K
GC Heap History (20 events):
Event: 17610.746 GC heap after
{Heap after GC invocations=49 (full 5):
 garbage-first heap   total 90112K, used 29675K [0x0000000702400000, 0x0000000800000000)
  region size 2048K, 2 young (4096K), 2 survivors (4096K)
 Metaspace       used 75254K, committed 75968K, reserved 1122304K
  class space    used 9932K, committed 10304K, reserved 1048576K
}
Event: 17611.458 GC heap before
{Heap before GC invocations=49 (full 5):
 garbage-first heap   total 90112K, used 68587K [0x0000000702400000, 0x0000000800000000)
  region size 2048K, 21 young (43008K), 2 survivors (4096K)
 Metaspace       used 75589K, committed 76352K, reserved 1122304K
  class space    used 9958K, committed 10368K, reserved 1048576K
}
Event: 17611.464 GC heap after
{Heap after GC invocations=50 (full 5):
 garbage-first heap   total 90112K, used 32389K [0x0000000702400000, 0x0000000800000000)
  region size 2048K, 3 young (6144K), 3 survivors (6144K)
 Metaspace       used 75589K, committed 76352K, reserved 1122304K
  class space    used 9958K, committed 10368K, reserved 1048576K
}
Event: 17627.488 GC heap before
{Heap before GC invocations=50 (full 5):
 garbage-first heap   total 90112K, used 54917K [0x0000000702400000, 0x0000000800000000)
  region size 2048K, 15 young (30720K), 3 survivors (6144K)
 Metaspace       used 75826K, committed 76608K, reserved 1122304K
  class space    used 9976K, committed 10368K, reserved 1048576K
}
Event: 17627.533 GC heap after
{Heap after GC invocations=51 (full 6):
 garbage-first heap   total 90112K, used 26116K [0x0000000702400000, 0x0000000800000000)
  region size 2048K, 0 young (0K), 0 survivors (0K)
 Metaspace       used 75807K, committed 76608K, reserved 1122304K
  class space    used 9973K, committed 10368K, reserved 1048576K
}
Event: 17627.816 GC heap before
{Heap before GC invocations=51 (full 6):
 garbage-first heap   total 90112K, used 62980K [0x0000000702400000, 0x0000000800000000)
  region size 2048K, 19 young (38912K), 0 survivors (0K)
 Metaspace       used 75930K, committed 76672K, reserved 1122304K
  class space    used 9990K, committed 10368K, reserved 1048576K
}
Event: 17627.818 GC heap after
{Heap after GC invocations=52 (full 6):
 garbage-first heap   total 90112K, used 29422K [0x0000000702400000, 0x0000000800000000)
  region size 2048K, 2 young (4096K), 2 survivors (4096K)
 Metaspace       used 75930K, committed 76672K, reserved 1122304K
  class space    used 9990K, committed 10368K, reserved 1048576K
}
Event: 17627.825 GC heap before
{Heap before GC invocations=52 (full 6):
 garbage-first heap   total 90112K, used 62190K [0x0000000702400000, 0x0000000800000000)
  region size 2048K, 19 young (38912K), 2 survivors (4096K)
 Metaspace       used 75930K, committed 76672K, reserved 1122304K
  class space    used 9990K, committed 10368K, reserved 1048576K
}
Event: 17627.828 GC heap after
{Heap after GC invocations=53 (full 6):
 garbage-first heap   total 90112K, used 29296K [0x0000000702400000, 0x0000000800000000)
  region size 2048K, 2 young (4096K), 2 survivors (4096K)
 Metaspace       used 75930K, committed 76672K, reserved 1122304K
  class space    used 9990K, committed 10368K, reserved 1048576K
}
Event: 17628.726 GC heap before
{Heap before GC invocations=53 (full 6):
 garbage-first heap   total 90112K, used 66160K [0x0000000702400000, 0x0000000800000000)
  region size 2048K, 20 young (40960K), 2 survivors (4096K)
 Metaspace       used 76189K, committed 76992K, reserved 1122304K
  class space    used 10011K, committed 10432K, reserved 1048576K
}
Event: 17628.729 GC heap after
{Heap after GC invocations=54 (full 6):
 garbage-first heap   total 90112K, used 31489K [0x0000000702400000, 0x0000000800000000)
  region size 2048K, 3 young (6144K), 3 survivors (6144K)
 Metaspace       used 76189K, committed 76992K, reserved 1122304K
  class space    used 10011K, committed 10432K, reserved 1048576K
}
Event: 17660.401 GC heap before
{Heap before GC invocations=54 (full 6):
 garbage-first heap   total 90112K, used 66305K [0x0000000702400000, 0x0000000800000000)
  region size 2048K, 20 young (40960K), 3 survivors (6144K)
 Metaspace       used 76577K, committed 77376K, reserved 1122304K
  class space    used 10038K, committed 10432K, reserved 1048576K
}
Event: 17660.404 GC heap after
{Heap after GC invocations=55 (full 6):
 garbage-first heap   total 90112K, used 32963K [0x0000000702400000, 0x0000000800000000)
  region size 2048K, 3 young (6144K), 3 survivors (6144K)
 Metaspace       used 76577K, committed 77376K, reserved 1122304K
  class space    used 10038K, committed 10432K, reserved 1048576K
}
Event: 17663.346 GC heap before
{Heap before GC invocations=55 (full 6):
 garbage-first heap   total 90112K, used 32963K [0x0000000702400000, 0x0000000800000000)
  region size 2048K, 4 young (8192K), 3 survivors (6144K)
 Metaspace       used 76580K, committed 77376K, reserved 1122304K
  class space    used 10038K, committed 10432K, reserved 1048576K
}
Event: 17663.394 GC heap after
{Heap after GC invocations=56 (full 7):
 garbage-first heap   total 90112K, used 27457K [0x0000000702400000, 0x0000000800000000)
  region size 2048K, 0 young (0K), 0 survivors (0K)
 Metaspace       used 76561K, committed 77376K, reserved 1122304K
  class space    used 10035K, committed 10432K, reserved 1048576K
}
Event: 17663.755 GC heap before
{Heap before GC invocations=56 (full 7):
 garbage-first heap   total 90112K, used 64321K [0x0000000702400000, 0x0000000800000000)
  region size 2048K, 19 young (38912K), 0 survivors (0K)
 Metaspace       used 76713K, committed 77568K, reserved 1122304K
  class space    used 10058K, committed 10496K, reserved 1048576K
}
Event: 17663.757 GC heap after
{Heap after GC invocations=57 (full 7):
 garbage-first heap   total 90112K, used 30726K [0x0000000702400000, 0x0000000800000000)
  region size 2048K, 2 young (4096K), 2 survivors (4096K)
 Metaspace       used 76713K, committed 77568K, reserved 1122304K
  class space    used 10058K, committed 10496K, reserved 1048576K
}
Event: 17663.766 GC heap before
{Heap before GC invocations=57 (full 7):
 garbage-first heap   total 90112K, used 63494K [0x0000000702400000, 0x0000000800000000)
  region size 2048K, 19 young (38912K), 2 survivors (4096K)
 Metaspace       used 76713K, committed 77568K, reserved 1122304K
  class space    used 10058K, committed 10496K, reserved 1048576K
}
Event: 17663.768 GC heap after
{Heap after GC invocations=58 (full 7):
 garbage-first heap   total 90112K, used 30527K [0x0000000702400000, 0x0000000800000000)
  region size 2048K, 2 young (4096K), 2 survivors (4096K)
 Metaspace       used 76713K, committed 77568K, reserved 1122304K
  class space    used 10058K, committed 10496K, reserved 1048576K
}
Event: 17664.682 GC heap before
{Heap before GC invocations=58 (full 7):
 garbage-first heap   total 90112K, used 67391K [0x0000000702400000, 0x0000000800000000)
  region size 2048K, 20 young (40960K), 2 survivors (4096K)
 Metaspace       used 76995K, committed 77824K, reserved 1122304K
  class space    used 10082K, committed 10496K, reserved 1048576K
}

