# JRE version: OpenJDK Runtime Environment (16.0.2+7) (build 16.0.2+7-67)
# Java VM: OpenJDK 64-Bit Server VM (16.0.2+7-67, mixed mode, tiered, compressed oops, compressed class ptrs, g1 gc, windows-amd64)
GC Precious Log:
 CPUs: 12 total, 12 available
 Memory: 16233M
 Large Page Support: Disabled
 NUMA Support: Disabled
 Compressed Oops: Enabled (Zero based)
 Heap Region Size: 2M
 Heap Min Capacity: 8M
 Heap Initial Capacity: 254M
 Heap Max Capacity: 4060M
 Pre-touch: Disabled
 Parallel Workers: 10
 Concurrent Workers: 3
 Concurrent Refinement Workers: 10
 Periodic GC: Disabled
Heap:
 garbage-first heap   total 83968K, used 28348K [0x0000000702400000, 0x0000000800000000)
  region size 2048K, 2 young (4096K), 2 survivors (4096K)
 Metaspace       used 63670K, committed 64128K, reserved 1105920K
  class space    used 8549K, committed 8768K, reserved 1048576K
GC Heap History (20 events):
Event: 6.438 GC heap after
{Heap after GC invocations=5 (full 0):
 garbage-first heap   total 45056K, used 10782K [0x0000000702400000, 0x0000000800000000)
  region size 2048K, 2 young (4096K), 2 survivors (4096K)
 Metaspace       used 26526K, committed 26880K, reserved 1073152K
  class space    used 3114K, committed 3264K, reserved 1048576K
}
Event: 6.459 GC heap before
{Heap before GC invocations=5 (full 0):
 garbage-first heap   total 45056K, used 25118K [0x0000000702400000, 0x0000000800000000)
  region size 2048K, 10 young (20480K), 2 survivors (4096K)
 Metaspace       used 26664K, committed 27008K, reserved 1073152K
  class space    used 3136K, committed 3264K, reserved 1048576K
}
Event: 6.461 GC heap after
{Heap after GC invocations=6 (full 0):
 garbage-first heap   total 45056K, used 11234K [0x0000000702400000, 0x0000000800000000)
  region size 2048K, 2 young (4096K), 2 survivors (4096K)
 Metaspace       used 26664K, committed 27008K, reserved 1073152K
  class space    used 3136K, committed 3264K, reserved 1048576K
}
Event: 6.463 GC heap before
{Heap before GC invocations=6 (full 0):
 garbage-first heap   total 45056K, used 25570K [0x0000000702400000, 0x0000000800000000)
  region size 2048K, 10 young (20480K), 2 survivors (4096K)
 Metaspace       used 26664K, committed 27008K, reserved 1073152K
  class space    used 3136K, committed 3264K, reserved 1048576K
}
Event: 6.465 GC heap after
{Heap after GC invocations=7 (full 0):
 garbage-first heap   total 153600K, used 11434K [0x0000000702400000, 0x0000000800000000)
  region size 2048K, 1 young (2048K), 1 survivors (2048K)
 Metaspace       used 26664K, committed 27008K, reserved 1073152K
  class space    used 3136K, committed 3264K, reserved 1048576K
}
Event: 7.333 GC heap before
{Heap before GC invocations=7 (full 0):
 garbage-first heap   total 153600K, used 99498K [0x0000000702400000, 0x0000000800000000)
  region size 2048K, 45 young (92160K), 1 survivors (2048K)
 Metaspace       used 35168K, committed 35584K, reserved 1081344K
  class space    used 4388K, committed 4608K, reserved 1048576K
}
Event: 7.337 GC heap after
{Heap after GC invocations=8 (full 0):
 garbage-first heap   total 153600K, used 16636K [0x0000000702400000, 0x0000000800000000)
  region size 2048K, 3 young (6144K), 3 survivors (6144K)
 Metaspace       used 35168K, committed 35584K, reserved 1081344K
  class space    used 4388K, committed 4608K, reserved 1048576K
}
Event: 7.358 GC heap before
{Heap before GC invocations=8 (full 0):
 garbage-first heap   total 153600K, used 45308K [0x0000000702400000, 0x0000000800000000)
  region size 2048K, 19 young (38912K), 3 survivors (6144K)
 Metaspace       used 35288K, committed 35648K, reserved 1081344K
  class space    used 4400K, committed 4608K, reserved 1048576K
}
Event: 7.362 GC heap after
{Heap after GC invocations=9 (full 0):
 garbage-first heap   total 153600K, used 16978K [0x0000000702400000, 0x0000000800000000)
  region size 2048K, 4 young (8192K), 4 survivors (8192K)
 Metaspace       used 35288K, committed 35648K, reserved 1081344K
  class space    used 4400K, committed 4608K, reserved 1048576K
}
Event: 7.638 GC heap before
{Heap before GC invocations=10 (full 0):
 garbage-first heap   total 75776K, used 70226K [0x0000000702400000, 0x0000000800000000)
  region size 2048K, 31 young (63488K), 4 survivors (8192K)
 Metaspace       used 37794K, committed 38208K, reserved 1089536K
  class space    used 4708K, committed 4928K, reserved 1048576K
}
Event: 7.643 GC heap after
{Heap after GC invocations=11 (full 0):
 garbage-first heap   total 83968K, used 17624K [0x0000000702400000, 0x0000000800000000)
  region size 2048K, 4 young (8192K), 4 survivors (8192K)
 Metaspace       used 37794K, committed 38208K, reserved 1089536K
  class space    used 4708K, committed 4928K, reserved 1048576K
}
Event: 8.320 GC heap before
{Heap before GC invocations=11 (full 0):
 garbage-first heap   total 83968K, used 58584K [0x0000000702400000, 0x0000000800000000)
  region size 2048K, 24 young (49152K), 4 survivors (8192K)
 Metaspace       used 46739K, committed 47104K, reserved 1097728K
  class space    used 6065K, committed 6208K, reserved 1048576K
}
Event: 8.325 GC heap after
{Heap after GC invocations=12 (full 0):
 garbage-first heap   total 83968K, used 20063K [0x0000000702400000, 0x0000000800000000)
  region size 2048K, 2 young (4096K), 2 survivors (4096K)
 Metaspace       used 46739K, committed 47104K, reserved 1097728K
  class space    used 6065K, committed 6208K, reserved 1048576K
}
Event: 9.388 GC heap before
{Heap before GC invocations=12 (full 0):
 garbage-first heap   total 83968K, used 63071K [0x0000000702400000, 0x0000000800000000)
  region size 2048K, 23 young (47104K), 2 survivors (4096K)
 Metaspace       used 53833K, committed 54272K, reserved 1097728K
  class space    used 7149K, committed 7360K, reserved 1048576K
}
Event: 9.391 GC heap after
{Heap after GC invocations=13 (full 0):
 garbage-first heap   total 83968K, used 21801K [0x0000000702400000, 0x0000000800000000)
  region size 2048K, 3 young (6144K), 3 survivors (6144K)
 Metaspace       used 53833K, committed 54272K, reserved 1097728K
  class space    used 7149K, committed 7360K, reserved 1048576K
}
Event: 9.875 GC heap before
{Heap before GC invocations=13 (full 0):
 garbage-first heap   total 83968K, used 60713K [0x0000000702400000, 0x0000000800000000)
  region size 2048K, 22 young (45056K), 3 survivors (6144K)
 Metaspace       used 58338K, committed 58816K, reserved 1105920K
  class space    used 7771K, committed 8000K, reserved 1048576K
}
Event: 9.879 GC heap after
{Heap after GC invocations=14 (full 0):
 garbage-first heap   total 83968K, used 25014K [0x0000000702400000, 0x0000000800000000)
  region size 2048K, 3 young (6144K), 3 survivors (6144K)
 Metaspace       used 58338K, committed 58816K, reserved 1105920K
  class space    used 7771K, committed 8000K, reserved 1048576K
}
Event: 9.926 GC heap before
{Heap before GC invocations=14 (full 0):
 garbage-first heap   total 83968K, used 29110K [0x0000000702400000, 0x0000000800000000)
  region size 2048K, 6 young (12288K), 3 survivors (6144K)
 Metaspace       used 59198K, committed 59648K, reserved 1105920K
  class space    used 7881K, committed 8128K, reserved 1048576K
}
Event: 9.929 GC heap after
{Heap after GC invocations=15 (full 0):
 garbage-first heap   total 83968K, used 25777K [0x0000000702400000, 0x0000000800000000)
  region size 2048K, 1 young (2048K), 1 survivors (2048K)
 Metaspace       used 59198K, committed 59648K, reserved 1105920K
  class space    used 7881K, committed 8128K, reserved 1048576K
}
Event: 19.944 GC heap before
{Heap before GC invocations=16 (full 0):
 garbage-first heap   total 83968K, used 62641K [0x0000000702400000, 0x0000000800000000)
  region size 2048K, 19 young (38912K), 1 survivors (2048K)
 Metaspace       used 63670K, committed 64128K, reserved 1105920K
  class space    used 8549K, committed 8768K, reserved 1048576K
}

