# JRE version: OpenJDK Runtime Environment (16.0.2+7) (build 16.0.2+7-67)
# Java VM: OpenJDK 64-Bit Server VM (16.0.2+7-67, mixed mode, tiered, compressed oops, compressed class ptrs, g1 gc, windows-amd64)
GC Precious Log:
 CPUs: 12 total, 12 available
 Memory: 16233M
 Large Page Support: Disabled
 NUMA Support: Disabled
 Compressed Oops: Enabled (Zero based)
 Heap Region Size: 2M
 Heap Min Capacity: 8M
 Heap Initial Capacity: 254M
 Heap Max Capacity: 4060M
 Pre-touch: Disabled
 Parallel Workers: 10
 Concurrent Workers: 3
 Concurrent Refinement Workers: 10
 Periodic GC: Disabled
Heap:
 garbage-first heap   total 83968K, used 41573K [0x0000000702400000, 0x0000000800000000)
  region size 2048K, 7 young (14336K), 2 survivors (4096K)
 Metaspace       used 72503K, committed 73088K, reserved 1114112K
  class space    used 9675K, committed 9984K, reserved 1048576K
GC Heap History (20 events):
Event: 4.708 GC heap before
{Heap before GC invocations=15 (full 0):
 garbage-first heap   total 83968K, used 33420K [0x0000000702400000, 0x0000000800000000)
  region size 2048K, 8 young (16384K), 3 survivors (6144K)
 Metaspace       used 59434K, committed 59840K, reserved 1105920K
  class space    used 7922K, committed 8128K, reserved 1048576K
}
Event: 4.711 GC heap after
{Heap after GC invocations=16 (full 0):
 garbage-first heap   total 83968K, used 25902K [0x0000000702400000, 0x0000000800000000)
  region size 2048K, 2 young (4096K), 2 survivors (4096K)
 Metaspace       used 59434K, committed 59840K, reserved 1105920K
  class space    used 7922K, committed 8128K, reserved 1048576K
}
Event: 15.409 GC heap before
{Heap before GC invocations=17 (full 0):
 garbage-first heap   total 83968K, used 62766K [0x0000000702400000, 0x0000000800000000)
  region size 2048K, 20 young (40960K), 2 survivors (4096K)
 Metaspace       used 64059K, committed 64576K, reserved 1105920K
  class space    used 8594K, committed 8832K, reserved 1048576K
}
Event: 15.414 GC heap after
{Heap after GC invocations=18 (full 0):
 garbage-first heap   total 83968K, used 28700K [0x0000000702400000, 0x0000000800000000)
  region size 2048K, 2 young (4096K), 2 survivors (4096K)
 Metaspace       used 64059K, committed 64576K, reserved 1105920K
  class space    used 8594K, committed 8832K, reserved 1048576K
}
Event: 29.619 GC heap before
{Heap before GC invocations=18 (full 0):
 garbage-first heap   total 83968K, used 59420K [0x0000000702400000, 0x0000000800000000)
  region size 2048K, 18 young (36864K), 2 survivors (4096K)
 Metaspace       used 69654K, committed 70144K, reserved 1114112K
  class space    used 9309K, committed 9536K, reserved 1048576K
}
Event: 29.624 GC heap after
{Heap after GC invocations=19 (full 0):
 garbage-first heap   total 83968K, used 31834K [0x0000000702400000, 0x0000000800000000)
  region size 2048K, 2 young (4096K), 2 survivors (4096K)
 Metaspace       used 69654K, committed 70144K, reserved 1114112K
  class space    used 9309K, committed 9536K, reserved 1048576K
}
Event: 35.456 GC heap before
{Heap before GC invocations=19 (full 0):
 garbage-first heap   total 83968K, used 62554K [0x0000000702400000, 0x0000000800000000)
  region size 2048K, 17 young (34816K), 2 survivors (4096K)
 Metaspace       used 70821K, committed 71296K, reserved 1114112K
  class space    used 9450K, committed 9664K, reserved 1048576K
}
Event: 35.459 GC heap after
{Heap after GC invocations=20 (full 0):
 garbage-first heap   total 83968K, used 32434K [0x0000000702400000, 0x0000000800000000)
  region size 2048K, 2 young (4096K), 2 survivors (4096K)
 Metaspace       used 70821K, committed 71296K, reserved 1114112K
  class space    used 9450K, committed 9664K, reserved 1048576K
}
Event: 43.532 GC heap before
{Heap before GC invocations=20 (full 0):
 garbage-first heap   total 83968K, used 63154K [0x0000000702400000, 0x0000000800000000)
  region size 2048K, 17 young (34816K), 2 survivors (4096K)
 Metaspace       used 70969K, committed 71360K, reserved 1114112K
  class space    used 9472K, committed 9664K, reserved 1048576K
}
Event: 43.534 GC heap after
{Heap after GC invocations=21 (full 0):
 garbage-first heap   total 83968K, used 33223K [0x0000000702400000, 0x0000000800000000)
  region size 2048K, 1 young (2048K), 1 survivors (2048K)
 Metaspace       used 70969K, committed 71360K, reserved 1114112K
  class space    used 9472K, committed 9664K, reserved 1048576K
}
Event: 145.733 GC heap before
{Heap before GC invocations=21 (full 0):
 garbage-first heap   total 83968K, used 61895K [0x0000000702400000, 0x0000000800000000)
  region size 2048K, 16 young (32768K), 1 survivors (2048K)
 Metaspace       used 71683K, committed 72192K, reserved 1114112K
  class space    used 9587K, committed 9856K, reserved 1048576K
}
Event: 145.778 GC heap after
{Heap after GC invocations=22 (full 1):
 garbage-first heap   total 83968K, used 26614K [0x0000000702400000, 0x0000000800000000)
  region size 2048K, 0 young (0K), 0 survivors (0K)
 Metaspace       used 71666K, committed 72192K, reserved 1114112K
  class space    used 9584K, committed 9856K, reserved 1048576K
}
Event: 146.082 GC heap before
{Heap before GC invocations=22 (full 1):
 garbage-first heap   total 83968K, used 59382K [0x0000000702400000, 0x0000000800000000)
  region size 2048K, 17 young (34816K), 0 survivors (0K)
 Metaspace       used 71800K, committed 72384K, reserved 1114112K
  class space    used 9604K, committed 9920K, reserved 1048576K
}
Event: 146.084 GC heap after
{Heap after GC invocations=23 (full 1):
 garbage-first heap   total 83968K, used 29664K [0x0000000702400000, 0x0000000800000000)
  region size 2048K, 2 young (4096K), 2 survivors (4096K)
 Metaspace       used 71800K, committed 72384K, reserved 1114112K
  class space    used 9604K, committed 9920K, reserved 1048576K
}
Event: 146.087 GC heap before
{Heap before GC invocations=23 (full 1):
 garbage-first heap   total 83968K, used 58336K [0x0000000702400000, 0x0000000800000000)
  region size 2048K, 17 young (34816K), 2 survivors (4096K)
 Metaspace       used 71800K, committed 72384K, reserved 1114112K
  class space    used 9604K, committed 9920K, reserved 1048576K
}
Event: 146.089 GC heap after
{Heap after GC invocations=24 (full 1):
 garbage-first heap   total 83968K, used 29698K [0x0000000702400000, 0x0000000800000000)
  region size 2048K, 2 young (4096K), 2 survivors (4096K)
 Metaspace       used 71800K, committed 72384K, reserved 1114112K
  class space    used 9604K, committed 9920K, reserved 1048576K
}
Event: 146.435 GC heap before
{Heap before GC invocations=24 (full 1):
 garbage-first heap   total 83968K, used 60418K [0x0000000702400000, 0x0000000800000000)
  region size 2048K, 18 young (36864K), 2 survivors (4096K)
 Metaspace       used 71951K, committed 72512K, reserved 1114112K
  class space    used 9622K, committed 9920K, reserved 1048576K
}
Event: 146.437 GC heap after
{Heap after GC invocations=25 (full 1):
 garbage-first heap   total 83968K, used 31099K [0x0000000702400000, 0x0000000800000000)
  region size 2048K, 3 young (6144K), 3 survivors (6144K)
 Metaspace       used 71951K, committed 72512K, reserved 1114112K
  class space    used 9622K, committed 9920K, reserved 1048576K
}
Event: 147.023 GC heap before
{Heap before GC invocations=25 (full 1):
 garbage-first heap   total 83968K, used 61819K [0x0000000702400000, 0x0000000800000000)
  region size 2048K, 18 young (36864K), 3 survivors (6144K)
 Metaspace       used 72407K, committed 73024K, reserved 1114112K
  class space    used 9661K, committed 9984K, reserved 1048576K
}
Event: 147.027 GC heap after
{Heap after GC invocations=26 (full 1):
 garbage-first heap   total 83968K, used 33381K [0x0000000702400000, 0x0000000800000000)
  region size 2048K, 2 young (4096K), 2 survivors (4096K)
 Metaspace       used 72407K, committed 73024K, reserved 1114112K
  class space    used 9661K, committed 9984K, reserved 1048576K
}

